Using pre-set license
Built from '6000.1/staging' branch; Version is '6000.1.10f1 (3c681a6c22ff) revision 3958810'; Using compiler version '194234433'; Build Type 'Release'
OS: 'Windows 11  (10.0.26100) 64bit Professional' Language: 'en' Physical Memory: 31864 MB
BatchMode: 1, IsHumanControllingUs: 0, StartBugReporterOnCrash: 0, Is64bit: 1, IsPro: 1
Date: 2025-07-21T13:13:09Z

COMMAND LINE ARGUMENTS:
C:\Program Files\Unity\Hub\Editor\6000.1.10f1\Editor\Unity.exe
-adb2
-batchMode
-noUpm
-name
AssetImportWorker9
-projectPath
C:/edy/joc_cu_cosmin/Prima_incercare_R/prima_incercare
-logFile
Logs/AssetImportWorker9.log
-srvPort
58255
-job-worker-count
11
-background-job-worker-count
8
-gc-helper-count
1
-name
AssetImport
Successfully changed project path to: C:/edy/joc_cu_cosmin/Prima_incercare_R/prima_incercare
C:/edy/joc_cu_cosmin/Prima_incercare_R/prima_incercare
[UnityMemory] Configuration Parameters - Can be set up in boot.config
    "memorysetup-allocator-temp-initial-block-size-main=262144"
    "memorysetup-allocator-temp-initial-block-size-worker=262144"
    "memorysetup-bucket-allocator-granularity=16"
    "memorysetup-bucket-allocator-bucket-count=8"
    "memorysetup-bucket-allocator-block-size=33554432"
    "memorysetup-bucket-allocator-block-count=8"
    "memorysetup-main-allocator-block-size=16777216"
    "memorysetup-thread-allocator-block-size=16777216"
    "memorysetup-gfx-main-allocator-block-size=16777216"
    "memorysetup-gfx-thread-allocator-block-size=16777216"
    "memorysetup-cache-allocator-block-size=4194304"
    "memorysetup-typetree-allocator-block-size=2097152"
    "memorysetup-profiler-bucket-allocator-granularity=16"
    "memorysetup-profiler-bucket-allocator-bucket-count=8"
    "memorysetup-profiler-bucket-allocator-block-size=33554432"
    "memorysetup-profiler-bucket-allocator-block-count=8"
    "memorysetup-profiler-allocator-block-size=16777216"
    "memorysetup-profiler-editor-allocator-block-size=1048576"
    "memorysetup-temp-allocator-size-main=16777216"
    "memorysetup-job-temp-allocator-block-size=2097152"
    "memorysetup-job-temp-allocator-block-size-background=1048576"
    "memorysetup-job-temp-allocator-reduction-small-platforms=262144"
    "memorysetup-temp-allocator-size-background-worker=32768"
    "memorysetup-temp-allocator-size-job-worker=262144"
    "memorysetup-temp-allocator-size-preload-manager=33554432"
    "memorysetup-temp-allocator-size-nav-mesh-worker=65536"
    "memorysetup-temp-allocator-size-audio-worker=65536"
    "memorysetup-temp-allocator-size-cloud-worker=32768"
    "memorysetup-temp-allocator-size-gi-baking-worker=262144"
    "memorysetup-temp-allocator-size-gi-baking-worker=262144"
    "memorysetup-temp-allocator-size-gi-baking-worker=262144"
    "memorysetup-temp-allocator-size-gi-baking-worker=262144"
    "memorysetup-temp-allocator-size-gi-baking-worker=262144"
    "memorysetup-temp-allocator-size-gfx=262144"
Player connection [20276]  Target information:

Player connection [20276]  * "[IP] 10.10.1.204 [Port] 0 [Flags] 2 [Guid] 2842794562 [EditorId] 2842794562 [Version] 1048832 [Id] WindowsEditor(7,Eduard) [Debug] 1 [PackageName] WindowsEditor [ProjectName] Editor" 

Player connection [20276] Host joined multi-casting on [225.0.0.222:54997]...
Player connection [20276] Host joined alternative multi-casting on [225.0.0.222:34997]...
JobSystem: Creating JobQueue using job-worker-count value 11
Input System module state changed to: Initialized.
[Physics::Module] Initialized fallback backend.
[Physics::Module] Id: 0xdecafbad
Library Redirect Path: Library/
[Physics::Module] Selected backend.
[Physics::Module] Name: PhysX
[Physics::Module] Id: 0xf2b8ea05
[Physics::Module] SDK Version: 4.1.2
[Physics::Module] Integration Version: 1.0.0
[Physics::Module] Threading Mode: Multi-Threaded
Refreshing native plugins compatible for Editor in 1.81 ms, found 4 plugins.
Preloading 0 native plugins for Editor in 0.00 ms.
Initialize engine version: 6000.1.10f1 (3c681a6c22ff)
[Subsystems] Discovering subsystems at path C:/Program Files/Unity/Hub/Editor/6000.1.10f1/Editor/Data/Resources/UnitySubsystems
[Subsystems] Discovering subsystems at path C:/edy/joc_cu_cosmin/Prima_incercare_R/prima_incercare/Assets
GfxDevice: creating device client; kGfxThreadingModeNonThreaded
Direct3D:
    Version:         Direct3D 12 [level 12.1]
    Renderer:        NVIDIA GeForce RTX 4060 Laptop GPU (ID=0x28e0)
    Vendor:          NVIDIA
    VRAM:            7957 MB
    App VRAM Budget: 7189 MB
    Driver:          32.0.15.6607
Initialize mono
Mono path[0] = 'C:/Program Files/Unity/Hub/Editor/6000.1.10f1/Editor/Data/Managed'
Mono path[1] = 'C:/Program Files/Unity/Hub/Editor/6000.1.10f1/Editor/Data/MonoBleedingEdge/lib/mono/unityjit-win32'
Mono config path = 'C:/Program Files/Unity/Hub/Editor/6000.1.10f1/Editor/Data/MonoBleedingEdge/etc'
Using monoOptions --debugger-agent=transport=dt_socket,embedding=1,server=y,suspend=n,address=127.0.0.1:56688
Begin MonoManager ReloadAssembly
Registering precompiled unity dll's ...
Register platform support module: C:/Program Files/Unity/Hub/Editor/6000.1.10f1/Editor/Data/PlaybackEngines/WebGLSupport/UnityEditor.WebGL.Extensions.dll
Register platform support module: C:/Program Files/Unity/Hub/Editor/6000.1.10f1/Editor/Data/PlaybackEngines/WindowsStandaloneSupport/UnityEditor.WindowsStandalone.Extensions.dll
Registered in 0.002192 seconds.
- Loaded All Assemblies, in  0.321 seconds
Native extension for WindowsStandalone target not found
Native extension for WebGL target not found
Mono: successfully reloaded assembly
- Finished resetting the current domain, in  0.388 seconds
Domain Reload Profiling: 708ms
	BeginReloadAssembly (89ms)
		ExecutionOrderSort (0ms)
		DisableScriptedObjects (0ms)
		BackupInstance (0ms)
		ReleaseScriptingObjects (0ms)
		CreateAndSetChildDomain (1ms)
	RebuildCommonClasses (34ms)
	RebuildNativeTypeToScriptingClass (11ms)
	initialDomainReloadingComplete (45ms)
	LoadAllAssembliesAndSetupDomain (141ms)
		LoadAssemblies (87ms)
		RebuildTransferFunctionScriptingTraits (0ms)
		AnalyzeDomain (139ms)
			TypeCache.Refresh (138ms)
				TypeCache.ScanAssembly (127ms)
			BuildScriptInfoCaches (0ms)
			ResolveRequiredComponents (0ms)
	FinalizeReload (388ms)
		ReleaseScriptCaches (0ms)
		RebuildScriptCaches (0ms)
		SetupLoadedEditorAssemblies (343ms)
			LogAssemblyErrors (0ms)
			InitializePlatformSupportModulesInManaged (60ms)
			SetLoadedEditorAssemblies (4ms)
			BeforeProcessingInitializeOnLoad (68ms)
			ProcessInitializeOnLoadAttributes (156ms)
			ProcessInitializeOnLoadMethodAttributes (55ms)
			AfterProcessingInitializeOnLoad (0ms)
			EditorAssembliesLoaded (0ms)
		ExecutionOrderSort2 (0ms)
		AwakeInstancesAfterBackupRestoration (0ms)
Assembly reference Packages/com.unity.cinemachine/Editor/Samples/ExposeHDRPInternals/HDRP-Editor-ref.asmref has no target assembly definition
========================================================================
Worker process is ready to serve import requests
Import Worker Mode flag is 0x00
Assembly reference Packages/com.unity.cinemachine/Editor/Samples/ExposeHDRPInternals/HDRP-Editor-ref.asmref has no target assembly definition
Assembly reference Packages/com.unity.cinemachine/Editor/Samples/ExposeHDRPInternals/HDRP-Editor-ref.asmref has no target assembly definition
Begin MonoManager ReloadAssembly
- Loaded All Assemblies, in  0.518 seconds
Assembly reference Packages/com.unity.cinemachine/Editor/Samples/ExposeHDRPInternals/HDRP-Editor-ref.asmref has no target assembly definition
'Packages/com.unity.cinemachine/Editor/Obsolete/CinemachineVirtualCameraBaseEditor.cs' contains partial class of Unity.Object, exactly 1 of the partial classes needs to be in a file with the same filename. This is to know the one that can be referenced from ie. GameObjects
'Packages/com.unity.cinemachine/Editor/Editors/CinemachineVirtualCameraBaseEditor.cs' contains partial class of Unity.Object, exactly 1 of the partial classes needs to be in a file with the same filename. This is to know the one that can be referenced from ie. GameObjects
Refreshing native plugins compatible for Editor in 0.79 ms, found 4 plugins.
Native extension for WindowsStandalone target not found
Native extension for WebGL target not found
Assembly reference Packages/com.unity.cinemachine/Editor/Samples/ExposeHDRPInternals/HDRP-Editor-ref.asmref has no target assembly definition
Package Manager log level set to [2]
[Package Manager] Failed to launch server process. Reason: Unity was launched with the -noUpm command-line argument
[Package Manager] Unable to send message (not connected to server process).
[Package Manager] Cannot connect to Unity Package Manager local server
Mono: successfully reloaded assembly
- Finished resetting the current domain, in  0.476 seconds
Domain Reload Profiling: 992ms
	BeginReloadAssembly (133ms)
		ExecutionOrderSort (0ms)
		DisableScriptedObjects (4ms)
		BackupInstance (0ms)
		ReleaseScriptingObjects (0ms)
		CreateAndSetChildDomain (34ms)
	RebuildCommonClasses (32ms)
	RebuildNativeTypeToScriptingClass (8ms)
	initialDomainReloadingComplete (23ms)
	LoadAllAssembliesAndSetupDomain (320ms)
		LoadAssemblies (236ms)
		RebuildTransferFunctionScriptingTraits (0ms)
		AnalyzeDomain (152ms)
			TypeCache.Refresh (105ms)
				TypeCache.ScanAssembly (93ms)
			BuildScriptInfoCaches (41ms)
			ResolveRequiredComponents (4ms)
	FinalizeReload (476ms)
		ReleaseScriptCaches (0ms)
		RebuildScriptCaches (0ms)
		SetupLoadedEditorAssemblies (407ms)
			LogAssemblyErrors (0ms)
			InitializePlatformSupportModulesInManaged (2ms)
			SetLoadedEditorAssemblies (4ms)
			BeforeProcessingInitializeOnLoad (97ms)
			ProcessInitializeOnLoadAttributes (275ms)
			ProcessInitializeOnLoadMethodAttributes (26ms)
			AfterProcessingInitializeOnLoad (3ms)
			EditorAssembliesLoaded (0ms)
		ExecutionOrderSort2 (0ms)
		AwakeInstancesAfterBackupRestoration (5ms)
Launched and connected shader compiler UnityShaderCompiler.exe after 0.01 seconds
Refreshing native plugins compatible for Editor in 0.93 ms, found 4 plugins.
Preloading 0 native plugins for Editor in 0.00 ms.
Unloading 16 Unused Serialized files (Serialized files now loaded: 0)
Unloading 5173 unused Assets / (1.2 MB). Loaded Objects now: 5653.
Memory consumption went from 102.7 MB to 101.5 MB.
Total: 6.749700 ms (FindLiveObjects: 0.589300 ms CreateObjectMapping: 0.389600 ms MarkObjects: 4.588300 ms  DeleteObjects: 1.180100 ms)

========================================================================
Received Import Request.
  Time since last request: 483413.860887 seconds.
  path: Assets/Sprites/Grass Tiles/Wall_Tiles_47.asset
  artifactKey: Guid(61fffed4b9fde20448dadad9445cf367) Importer(815301076,1909f56bfc062723c751e8b465ee728b)
Start importing Assets/Sprites/Grass Tiles/Wall_Tiles_47.asset using Guid(61fffed4b9fde20448dadad9445cf367) Importer(815301076,1909f56bfc062723c751e8b465ee728b) (PreviewImporter) -> (artifact id: 'fa9b56d104be3f58f19144f177327593') in 0.1401874 seconds
Number of updated asset objects reloaded before import = 0Number of asset objects unloaded after import = 3

========================================================================
Received Import Request.
  Time since last request: 0.000024 seconds.
  path: Assets/Sprites/Grass Tiles/Wall_Tiles_9.asset
  artifactKey: Guid(89adfd21cbb11384d80e098fa170e6be) Importer(815301076,1909f56bfc062723c751e8b465ee728b)
Start importing Assets/Sprites/Grass Tiles/Wall_Tiles_9.asset using Guid(89adfd21cbb11384d80e098fa170e6be) Importer(815301076,1909f56bfc062723c751e8b465ee728b) (PreviewImporter) -> (artifact id: '5638c59c71fa5273a628dd5b80c1a55f') in 0.0471734 seconds
Number of updated asset objects reloaded before import = 0Number of asset objects unloaded after import = 3

========================================================================
Received Import Request.
  Time since last request: 0.000041 seconds.
  path: Assets/Sprites/Grass Tiles/Wall_Tiles_15.asset
  artifactKey: Guid(a7a6a672ccdf96540ba64868b33f54cd) Importer(815301076,1909f56bfc062723c751e8b465ee728b)
Start importing Assets/Sprites/Grass Tiles/Wall_Tiles_15.asset using Guid(a7a6a672ccdf96540ba64868b33f54cd) Importer(815301076,1909f56bfc062723c751e8b465ee728b) (PreviewImporter) -> (artifact id: 'ee47bd1f967ada4711ffd557826128cb') in 0.0283621 seconds
Number of updated asset objects reloaded before import = 0Number of asset objects unloaded after import = 3

========================================================================
Received Import Request.
  Time since last request: 0.000035 seconds.
  path: Assets/Sprites/Grass Tiles/Wall_Tiles_4.asset
  artifactKey: Guid(601b4c174ac320444a31fbdbcf536dd7) Importer(815301076,1909f56bfc062723c751e8b465ee728b)
Start importing Assets/Sprites/Grass Tiles/Wall_Tiles_4.asset using Guid(601b4c174ac320444a31fbdbcf536dd7) Importer(815301076,1909f56bfc062723c751e8b465ee728b) (PreviewImporter) -> (artifact id: 'cc00aeafcc458fb0af31f87e0a7cd67e') in 0.0184108 seconds
Number of updated asset objects reloaded before import = 0Number of asset objects unloaded after import = 3

========================================================================
Received Import Request.
  Time since last request: 0.000025 seconds.
  path: Assets/Sprites/Grass Tiles/Wall_Tiles_39.asset
  artifactKey: Guid(a207bc1ff041e6345a77c0dba5e8671e) Importer(815301076,1909f56bfc062723c751e8b465ee728b)
Start importing Assets/Sprites/Grass Tiles/Wall_Tiles_39.asset using Guid(a207bc1ff041e6345a77c0dba5e8671e) Importer(815301076,1909f56bfc062723c751e8b465ee728b) (PreviewImporter) -> (artifact id: '9b43c19ca18f3262c07dd829c8140959') in 0.0081121 seconds
Number of updated asset objects reloaded before import = 0Number of asset objects unloaded after import = 3

========================================================================
Received Import Request.
  Time since last request: 0.000020 seconds.
  path: Assets/Sprites/Grass Tiles/Wall_Tiles_13.asset
  artifactKey: Guid(6ac8f5d056e60ae428491e7a3ef069db) Importer(815301076,1909f56bfc062723c751e8b465ee728b)
Start importing Assets/Sprites/Grass Tiles/Wall_Tiles_13.asset using Guid(6ac8f5d056e60ae428491e7a3ef069db) Importer(815301076,1909f56bfc062723c751e8b465ee728b) (PreviewImporter) -> (artifact id: '6d97283762723d59e31d5ff23975f1bd') in 0.0179955 seconds
Number of updated asset objects reloaded before import = 0Number of asset objects unloaded after import = 3

========================================================================
Received Import Request.
  Time since last request: 0.000025 seconds.
  path: Assets/Sprites/Grass Tiles/Wall_Tiles_32.asset
  artifactKey: Guid(d5712369613bba146bd488f9d70a93d5) Importer(815301076,1909f56bfc062723c751e8b465ee728b)
Start importing Assets/Sprites/Grass Tiles/Wall_Tiles_32.asset using Guid(d5712369613bba146bd488f9d70a93d5) Importer(815301076,1909f56bfc062723c751e8b465ee728b) (PreviewImporter) -> (artifact id: '76e19fa15a47ea687914c5f49ac217ab') in 0.0072385 seconds
Number of updated asset objects reloaded before import = 0Number of asset objects unloaded after import = 3

========================================================================
Received Import Request.
  Time since last request: 0.000018 seconds.
  path: Assets/Sprites/Grass Tiles/Wall_Tiles_55.asset
  artifactKey: Guid(108f462bbf98482478c955e6d5235300) Importer(815301076,1909f56bfc062723c751e8b465ee728b)
Start importing Assets/Sprites/Grass Tiles/Wall_Tiles_55.asset using Guid(108f462bbf98482478c955e6d5235300) Importer(815301076,1909f56bfc062723c751e8b465ee728b) (PreviewImporter) -> (artifact id: 'edf94388d4ebb3753b845a1639772c21') in 0.0185091 seconds
Number of updated asset objects reloaded before import = 0Number of asset objects unloaded after import = 3

========================================================================
Received Import Request.
  Time since last request: 0.000024 seconds.
  path: Assets/Sprites/Grass Tiles/Vegetation_276.asset
  artifactKey: Guid(a7cd0727f926e0e46a60d6d3e42758be) Importer(815301076,1909f56bfc062723c751e8b465ee728b)
Start importing Assets/Sprites/Grass Tiles/Vegetation_276.asset using Guid(a7cd0727f926e0e46a60d6d3e42758be) Importer(815301076,1909f56bfc062723c751e8b465ee728b) (PreviewImporter) -> (artifact id: '7aa24bedc8a9dfe18ed515976a74878a') in 0.0138869 seconds
Number of updated asset objects reloaded before import = 0Number of asset objects unloaded after import = 3

========================================================================
Received Import Request.
  Time since last request: 0.000027 seconds.
  path: Assets/Sprites/Grass Tiles/Vegetation_294.asset
  artifactKey: Guid(335a1c5b09d62f245aa575becfc345ec) Importer(815301076,1909f56bfc062723c751e8b465ee728b)
Start importing Assets/Sprites/Grass Tiles/Vegetation_294.asset using Guid(335a1c5b09d62f245aa575becfc345ec) Importer(815301076,1909f56bfc062723c751e8b465ee728b) (PreviewImporter) -> (artifact id: '5811cb72329d1399efa0fbcc08ed78f6') in 0.0178193 seconds
Number of updated asset objects reloaded before import = 0Number of asset objects unloaded after import = 3

========================================================================
Received Import Request.
  Time since last request: 0.000021 seconds.
  path: Assets/Sprites/Grass Tiles/Vegetation_263.asset
  artifactKey: Guid(6cff24f7472903c4abccfbf6d1d94572) Importer(815301076,1909f56bfc062723c751e8b465ee728b)
Start importing Assets/Sprites/Grass Tiles/Vegetation_263.asset using Guid(6cff24f7472903c4abccfbf6d1d94572) Importer(815301076,1909f56bfc062723c751e8b465ee728b) (PreviewImporter) -> (artifact id: 'd27e1d8f0f77f964738e693e4b94fadb') in 0.0167557 seconds
Number of updated asset objects reloaded before import = 0Number of asset objects unloaded after import = 3

========================================================================
Received Import Request.
  Time since last request: 0.000036 seconds.
  path: Assets/Sprites/Grass Tiles/Vegetation_255.asset
  artifactKey: Guid(c2e35a20c9e63e147ab4e75b91476f2f) Importer(815301076,1909f56bfc062723c751e8b465ee728b)
Start importing Assets/Sprites/Grass Tiles/Vegetation_255.asset using Guid(c2e35a20c9e63e147ab4e75b91476f2f) Importer(815301076,1909f56bfc062723c751e8b465ee728b) (PreviewImporter) -> (artifact id: 'd5f64b47297dd325c4de316b44630f6e') in 0.0170378 seconds
Number of updated asset objects reloaded before import = 0Number of asset objects unloaded after import = 3

========================================================================
Received Import Request.
  Time since last request: 0.000028 seconds.
  path: Assets/Sprites/Grass Tiles/Vegetation_260.asset
  artifactKey: Guid(25bc5228c2c56fa4d829d34d461b4819) Importer(815301076,1909f56bfc062723c751e8b465ee728b)
Start importing Assets/Sprites/Grass Tiles/Vegetation_260.asset using Guid(25bc5228c2c56fa4d829d34d461b4819) Importer(815301076,1909f56bfc062723c751e8b465ee728b) (PreviewImporter) -> (artifact id: 'e8e1d76897f87b54176b1c775f944969') in 0.0165068 seconds
Number of updated asset objects reloaded before import = 0Number of asset objects unloaded after import = 3

========================================================================
Received Import Request.
  Time since last request: 0.000024 seconds.
  path: Assets/Sprites/Grass Tiles/Vegetation_247.asset
  artifactKey: Guid(305ccecef4623f94aab5e3360884aef1) Importer(815301076,1909f56bfc062723c751e8b465ee728b)
Start importing Assets/Sprites/Grass Tiles/Vegetation_247.asset using Guid(305ccecef4623f94aab5e3360884aef1) Importer(815301076,1909f56bfc062723c751e8b465ee728b) (PreviewImporter) -> (artifact id: 'ce59fd9435460b5454eb584860ae12ec') in 0.0170125 seconds
Number of updated asset objects reloaded before import = 0Number of asset objects unloaded after import = 3

========================================================================
Received Import Request.
  Time since last request: 0.000036 seconds.
  path: Assets/Sprites/Grass Tiles/Vegetation_269.asset
  artifactKey: Guid(f78167f086cfe1140861b552e67f2476) Importer(815301076,1909f56bfc062723c751e8b465ee728b)
Start importing Assets/Sprites/Grass Tiles/Vegetation_269.asset using Guid(f78167f086cfe1140861b552e67f2476) Importer(815301076,1909f56bfc062723c751e8b465ee728b) (PreviewImporter) -> (artifact id: '8041b7cc4dfc4aca6d246938f550364f') in 0.015119 seconds
Number of updated asset objects reloaded before import = 0Number of asset objects unloaded after import = 3

========================================================================
Received Import Request.
  Time since last request: 0.000031 seconds.
  path: Assets/Sprites/Grass Tiles/Vegetation_279.asset
  artifactKey: Guid(5fd3d4ca656062c43a2eba56179c76b2) Importer(815301076,1909f56bfc062723c751e8b465ee728b)
Start importing Assets/Sprites/Grass Tiles/Vegetation_279.asset using Guid(5fd3d4ca656062c43a2eba56179c76b2) Importer(815301076,1909f56bfc062723c751e8b465ee728b) (PreviewImporter) -> (artifact id: '02ccc48004959d1b9deb01917550917a') in 0.0177024 seconds
Number of updated asset objects reloaded before import = 0Number of asset objects unloaded after import = 3

========================================================================
Received Import Request.
  Time since last request: 0.000028 seconds.
  path: Assets/Sprites/Grass Tiles/Vegetation_277.asset
  artifactKey: Guid(331aa21b191baa249942d40cdefd3f0b) Importer(815301076,1909f56bfc062723c751e8b465ee728b)
Start importing Assets/Sprites/Grass Tiles/Vegetation_277.asset using Guid(331aa21b191baa249942d40cdefd3f0b) Importer(815301076,1909f56bfc062723c751e8b465ee728b) (PreviewImporter) -> (artifact id: '557a1125a8fd3c3bad1270c4810de0dc') in 0.0172108 seconds
Number of updated asset objects reloaded before import = 0Number of asset objects unloaded after import = 3

========================================================================
Received Import Request.
  Time since last request: 0.594129 seconds.
  path: Assets/Sprites/Grass Tiles/Vegetation_238.asset
  artifactKey: Guid(67163cfab0dbccf4b80c427fd5593442) Importer(815301076,1909f56bfc062723c751e8b465ee728b)
Start importing Assets/Sprites/Grass Tiles/Vegetation_238.asset using Guid(67163cfab0dbccf4b80c427fd5593442) Importer(815301076,1909f56bfc062723c751e8b465ee728b) (PreviewImporter) -> (artifact id: '847a9031b86658cd0297213033550450') in 0.0168562 seconds
Number of updated asset objects reloaded before import = 0Number of asset objects unloaded after import = 3

========================================================================
Received Import Request.
  Time since last request: 0.000026 seconds.
  path: Assets/Sprites/Grass Tiles/Vegetation_245.asset
  artifactKey: Guid(33054bb8f43c6d145a5139324a927bc5) Importer(815301076,1909f56bfc062723c751e8b465ee728b)
Start importing Assets/Sprites/Grass Tiles/Vegetation_245.asset using Guid(33054bb8f43c6d145a5139324a927bc5) Importer(815301076,1909f56bfc062723c751e8b465ee728b) (PreviewImporter) -> (artifact id: '8ca9459bab2095b044e22f3e875b87a2') in 0.014903 seconds
Number of updated asset objects reloaded before import = 0Number of asset objects unloaded after import = 3

========================================================================
Received Import Request.
  Time since last request: 0.000039 seconds.
  path: Assets/Sprites/Grass Tiles/Vegetation_227.asset
  artifactKey: Guid(978873c3fbb8f4342a38ad30e2a89f50) Importer(815301076,1909f56bfc062723c751e8b465ee728b)
Start importing Assets/Sprites/Grass Tiles/Vegetation_227.asset using Guid(978873c3fbb8f4342a38ad30e2a89f50) Importer(815301076,1909f56bfc062723c751e8b465ee728b) (PreviewImporter) -> (artifact id: 'c8180bfdadc89e61acaa52a6a3920bf0') in 0.0163809 seconds
Number of updated asset objects reloaded before import = 0Number of asset objects unloaded after import = 3

========================================================================
Received Import Request.
  Time since last request: 0.000032 seconds.
  path: Assets/Sprites/Grass Tiles/Vegetation_213.asset
  artifactKey: Guid(e17a348ba65d0d248b730bef194db95a) Importer(815301076,1909f56bfc062723c751e8b465ee728b)
Start importing Assets/Sprites/Grass Tiles/Vegetation_213.asset using Guid(e17a348ba65d0d248b730bef194db95a) Importer(815301076,1909f56bfc062723c751e8b465ee728b) (PreviewImporter) -> (artifact id: 'e3407e40264e2ab7b4559c4536ac10da') in 0.0172401 seconds
Number of updated asset objects reloaded before import = 0Number of asset objects unloaded after import = 3

========================================================================
Received Import Request.
  Time since last request: 0.000023 seconds.
  path: Assets/Sprites/Grass Tiles/Vegetation_233.asset
  artifactKey: Guid(dd37f8d39296b1f418c84358954364f4) Importer(815301076,1909f56bfc062723c751e8b465ee728b)
Start importing Assets/Sprites/Grass Tiles/Vegetation_233.asset using Guid(dd37f8d39296b1f418c84358954364f4) Importer(815301076,1909f56bfc062723c751e8b465ee728b) (PreviewImporter) -> (artifact id: '707d400fe3c3e4c7845cac971905f5cb') in 0.0165378 seconds
Number of updated asset objects reloaded before import = 0Number of asset objects unloaded after import = 3

========================================================================
Received Import Request.
  Time since last request: 0.000027 seconds.
  path: Assets/Sprites/Grass Tiles/Vegetation_182.asset
  artifactKey: Guid(b464814efe8a9d34b84cd17f9a8b0108) Importer(815301076,1909f56bfc062723c751e8b465ee728b)
Start importing Assets/Sprites/Grass Tiles/Vegetation_182.asset using Guid(b464814efe8a9d34b84cd17f9a8b0108) Importer(815301076,1909f56bfc062723c751e8b465ee728b) (PreviewImporter) -> (artifact id: '026be206976bdbe3fbabc8f9650d81ee') in 0.0156955 seconds
Number of updated asset objects reloaded before import = 0Number of asset objects unloaded after import = 3

========================================================================
Received Import Request.
  Time since last request: 0.000041 seconds.
  path: Assets/Sprites/Grass Tiles/Vegetation_187.asset
  artifactKey: Guid(33cbc5d91016a2948b5cfc249ed66730) Importer(815301076,1909f56bfc062723c751e8b465ee728b)
Start importing Assets/Sprites/Grass Tiles/Vegetation_187.asset using Guid(33cbc5d91016a2948b5cfc249ed66730) Importer(815301076,1909f56bfc062723c751e8b465ee728b) (PreviewImporter) -> (artifact id: 'eb4b9ad57482b30661736ea7e9a3d139') in 0.016714 seconds
Number of updated asset objects reloaded before import = 0Number of asset objects unloaded after import = 3

========================================================================
Received Import Request.
  Time since last request: 0.000022 seconds.
  path: Assets/Sprites/Grass Tiles/Vegetation_225.asset
  artifactKey: Guid(e46a6e4637db047409c5f649ffc2f691) Importer(815301076,1909f56bfc062723c751e8b465ee728b)
Start importing Assets/Sprites/Grass Tiles/Vegetation_225.asset using Guid(e46a6e4637db047409c5f649ffc2f691) Importer(815301076,1909f56bfc062723c751e8b465ee728b) (PreviewImporter) -> (artifact id: 'ad769c0ee631321ed7923766feddc13e') in 0.0150547 seconds
Number of updated asset objects reloaded before import = 0Number of asset objects unloaded after import = 3

========================================================================
Received Import Request.
  Time since last request: 0.000025 seconds.
  path: Assets/Sprites/Grass Tiles/Vegetation_183.asset
  artifactKey: Guid(c5a570eb63580a748a261f7816cc4616) Importer(815301076,1909f56bfc062723c751e8b465ee728b)
Start importing Assets/Sprites/Grass Tiles/Vegetation_183.asset using Guid(c5a570eb63580a748a261f7816cc4616) Importer(815301076,1909f56bfc062723c751e8b465ee728b) (PreviewImporter) -> (artifact id: '660d8d58fabcbfc135efe09afbac757f') in 0.0145108 seconds
Number of updated asset objects reloaded before import = 0Number of asset objects unloaded after import = 3

========================================================================
Received Import Request.
  Time since last request: 0.000020 seconds.
  path: Assets/Sprites/Grass Tiles/Vegetation_223.asset
  artifactKey: Guid(3a0cf1f599b198347bc67bdafa0a7cf9) Importer(815301076,1909f56bfc062723c751e8b465ee728b)
Start importing Assets/Sprites/Grass Tiles/Vegetation_223.asset using Guid(3a0cf1f599b198347bc67bdafa0a7cf9) Importer(815301076,1909f56bfc062723c751e8b465ee728b) (PreviewImporter) -> (artifact id: 'f63ae23212ebd79d8c3b073ab68273f4') in 0.0145903 seconds
Number of updated asset objects reloaded before import = 0Number of asset objects unloaded after import = 3

========================================================================
Received Import Request.
  Time since last request: 0.000022 seconds.
  path: Assets/Sprites/Grass Tiles/Vegetation_188.asset
  artifactKey: Guid(ee08a17abe45e3b4c8e41ca96238c2b5) Importer(815301076,1909f56bfc062723c751e8b465ee728b)
Start importing Assets/Sprites/Grass Tiles/Vegetation_188.asset using Guid(ee08a17abe45e3b4c8e41ca96238c2b5) Importer(815301076,1909f56bfc062723c751e8b465ee728b) (PreviewImporter) -> (artifact id: 'e4b5e96bda01bbe4f56947bd9fc5287d') in 0.0188207 seconds
Number of updated asset objects reloaded before import = 0Number of asset objects unloaded after import = 3

========================================================================
Received Import Request.
  Time since last request: 0.243207 seconds.
  path: Assets/Sprites/Grass Tiles/Vegetation_173.asset
  artifactKey: Guid(5fdb3e6635811eb4ea04b31644e34d14) Importer(815301076,1909f56bfc062723c751e8b465ee728b)
Start importing Assets/Sprites/Grass Tiles/Vegetation_173.asset using Guid(5fdb3e6635811eb4ea04b31644e34d14) Importer(815301076,1909f56bfc062723c751e8b465ee728b) (PreviewImporter) -> (artifact id: 'f1d531004a3aec9e32389a45919d39c2') in 0.0127657 seconds
Number of updated asset objects reloaded before import = 0Number of asset objects unloaded after import = 3

========================================================================
Received Import Request.
  Time since last request: 0.000021 seconds.
  path: Assets/Sprites/Grass Tiles/Vegetation_167.asset
  artifactKey: Guid(b73eb2562ae03714d877521781f04776) Importer(815301076,1909f56bfc062723c751e8b465ee728b)
Start importing Assets/Sprites/Grass Tiles/Vegetation_167.asset using Guid(b73eb2562ae03714d877521781f04776) Importer(815301076,1909f56bfc062723c751e8b465ee728b) (PreviewImporter) -> (artifact id: 'a59f9cb55b30ae2591a06e81a14da379') in 0.0150157 seconds
Number of updated asset objects reloaded before import = 0Number of asset objects unloaded after import = 3

========================================================================
Received Import Request.
  Time since last request: 0.000025 seconds.
  path: Assets/Sprites/Grass Tiles/Vegetation_164.asset
  artifactKey: Guid(1b44a1c7e177f6e42a7c6d7d615845be) Importer(815301076,1909f56bfc062723c751e8b465ee728b)
Start importing Assets/Sprites/Grass Tiles/Vegetation_164.asset using Guid(1b44a1c7e177f6e42a7c6d7d615845be) Importer(815301076,1909f56bfc062723c751e8b465ee728b) (PreviewImporter) -> (artifact id: 'ec39083326ddf20d00f7f62b7b1fb0cd') in 0.0148497 seconds
Number of updated asset objects reloaded before import = 0Number of asset objects unloaded after import = 3

========================================================================
Received Import Request.
  Time since last request: 0.000041 seconds.
  path: Assets/Sprites/Grass Tiles/Vegetation_156.asset
  artifactKey: Guid(3a14b48f3257e004c80af981883723ec) Importer(815301076,1909f56bfc062723c751e8b465ee728b)
Start importing Assets/Sprites/Grass Tiles/Vegetation_156.asset using Guid(3a14b48f3257e004c80af981883723ec) Importer(815301076,1909f56bfc062723c751e8b465ee728b) (PreviewImporter) -> (artifact id: '7117239cc563f0bac53e85f22321ff38') in 0.0215626 seconds
Number of updated asset objects reloaded before import = 0Number of asset objects unloaded after import = 3

========================================================================
Received Import Request.
  Time since last request: 0.000139 seconds.
  path: Assets/Sprites/Grass Tiles/Vegetation_146.asset
  artifactKey: Guid(6a4df1f1a90abdb45842bc97fc3786bc) Importer(815301076,1909f56bfc062723c751e8b465ee728b)
Start importing Assets/Sprites/Grass Tiles/Vegetation_146.asset using Guid(6a4df1f1a90abdb45842bc97fc3786bc) Importer(815301076,1909f56bfc062723c751e8b465ee728b) (PreviewImporter) -> (artifact id: '2cc8a12327100f49f576d7fae74882b6') in 0.0173985 seconds
Number of updated asset objects reloaded before import = 0Number of asset objects unloaded after import = 3

========================================================================
Received Import Request.
  Time since last request: 0.000025 seconds.
  path: Assets/Sprites/Grass Tiles/Vegetation_154.asset
  artifactKey: Guid(2d1f644639fd98346a8a46a6552989c9) Importer(815301076,1909f56bfc062723c751e8b465ee728b)
Start importing Assets/Sprites/Grass Tiles/Vegetation_154.asset using Guid(2d1f644639fd98346a8a46a6552989c9) Importer(815301076,1909f56bfc062723c751e8b465ee728b) (PreviewImporter) -> (artifact id: 'd23ac8e0e4802d8c84491e0590dec348') in 0.0148394 seconds
Number of updated asset objects reloaded before import = 0Number of asset objects unloaded after import = 3

========================================================================
Received Import Request.
  Time since last request: 0.000028 seconds.
  path: Assets/Sprites/Grass Tiles/Vegetation_155.asset
  artifactKey: Guid(f1ac7550f5a16db4c837cabef20c6f9c) Importer(815301076,1909f56bfc062723c751e8b465ee728b)
Start importing Assets/Sprites/Grass Tiles/Vegetation_155.asset using Guid(f1ac7550f5a16db4c837cabef20c6f9c) Importer(815301076,1909f56bfc062723c751e8b465ee728b) (PreviewImporter) -> (artifact id: 'c533220bb62b9195b31cd90209e092fd') in 0.0147412 seconds
Number of updated asset objects reloaded before import = 0Number of asset objects unloaded after import = 3

========================================================================
Received Import Request.
  Time since last request: 0.105825 seconds.
  path: Assets/Sprites/Grass Tiles/Vegetation_134.asset
  artifactKey: Guid(5387abc8611d77a4db65a31c3778a229) Importer(815301076,1909f56bfc062723c751e8b465ee728b)
Start importing Assets/Sprites/Grass Tiles/Vegetation_134.asset using Guid(5387abc8611d77a4db65a31c3778a229) Importer(815301076,1909f56bfc062723c751e8b465ee728b) (PreviewImporter) -> (artifact id: '6175d602eb4cecc1ba51be75a2c04d57') in 0.013378 seconds
Number of updated asset objects reloaded before import = 0Number of asset objects unloaded after import = 3

========================================================================
Received Import Request.
  Time since last request: 0.000019 seconds.
  path: Assets/Sprites/Grass Tiles/Vegetation_119.asset
  artifactKey: Guid(19b43346437ab094c87b564b8cae5bd7) Importer(815301076,1909f56bfc062723c751e8b465ee728b)
Start importing Assets/Sprites/Grass Tiles/Vegetation_119.asset using Guid(19b43346437ab094c87b564b8cae5bd7) Importer(815301076,1909f56bfc062723c751e8b465ee728b) (PreviewImporter) -> (artifact id: '116381eea1be11ad4a9c657377abd49c') in 0.0160484 seconds
Number of updated asset objects reloaded before import = 0Number of asset objects unloaded after import = 3

========================================================================
Received Import Request.
  Time since last request: 0.000026 seconds.
  path: Assets/Sprites/Grass Tiles/Vegetation_104.asset
  artifactKey: Guid(76fcda11f6f2dbe499153152762996b1) Importer(815301076,1909f56bfc062723c751e8b465ee728b)
Start importing Assets/Sprites/Grass Tiles/Vegetation_104.asset using Guid(76fcda11f6f2dbe499153152762996b1) Importer(815301076,1909f56bfc062723c751e8b465ee728b) (PreviewImporter) -> (artifact id: '782da114cffbb386c1694921b7d2a4d4') in 0.0147269 seconds
Number of updated asset objects reloaded before import = 0Number of asset objects unloaded after import = 3

========================================================================
Received Import Request.
  Time since last request: 0.000028 seconds.
  path: Assets/Sprites/Grass Tiles/Vegetation_120.asset
  artifactKey: Guid(df3c90d301f516849b0f77ebded75a68) Importer(815301076,1909f56bfc062723c751e8b465ee728b)
Start importing Assets/Sprites/Grass Tiles/Vegetation_120.asset using Guid(df3c90d301f516849b0f77ebded75a68) Importer(815301076,1909f56bfc062723c751e8b465ee728b) (PreviewImporter) -> (artifact id: '3dc79e3f07812cd25781c9182bc8f747') in 0.0147878 seconds
Number of updated asset objects reloaded before import = 0Number of asset objects unloaded after import = 3

========================================================================
Received Import Request.
  Time since last request: 0.000020 seconds.
  path: Assets/Sprites/Grass Tiles/Vegetation_83.asset
  artifactKey: Guid(c5addb93bf58df24c9e772c476018285) Importer(815301076,1909f56bfc062723c751e8b465ee728b)
Start importing Assets/Sprites/Grass Tiles/Vegetation_83.asset using Guid(c5addb93bf58df24c9e772c476018285) Importer(815301076,1909f56bfc062723c751e8b465ee728b) (PreviewImporter) -> (artifact id: '199ceb3ce8b91a019386d4f85c3ed822') in 0.013945 seconds
Number of updated asset objects reloaded before import = 0Number of asset objects unloaded after import = 3

========================================================================
Received Import Request.
  Time since last request: 0.000027 seconds.
  path: Assets/Sprites/Grass Tiles/Vegetation_103.asset
  artifactKey: Guid(6eca1d01314b63940803ac35a2f77b47) Importer(815301076,1909f56bfc062723c751e8b465ee728b)
Start importing Assets/Sprites/Grass Tiles/Vegetation_103.asset using Guid(6eca1d01314b63940803ac35a2f77b47) Importer(815301076,1909f56bfc062723c751e8b465ee728b) (PreviewImporter) -> (artifact id: '1141ba4c59eb4112169b248775626e07') in 0.0147985 seconds
Number of updated asset objects reloaded before import = 0Number of asset objects unloaded after import = 3

========================================================================
Received Import Request.
  Time since last request: 0.000026 seconds.
  path: Assets/Sprites/Grass Tiles/Vegetation_90.asset
  artifactKey: Guid(326411c2279454e468b82c7e2bfb0564) Importer(815301076,1909f56bfc062723c751e8b465ee728b)
Start importing Assets/Sprites/Grass Tiles/Vegetation_90.asset using Guid(326411c2279454e468b82c7e2bfb0564) Importer(815301076,1909f56bfc062723c751e8b465ee728b) (PreviewImporter) -> (artifact id: '6eb394cbd593eaa4ae43cc9b3393c55d') in 0.0130348 seconds
Number of updated asset objects reloaded before import = 0Number of asset objects unloaded after import = 3

========================================================================
Received Import Request.
  Time since last request: 0.000031 seconds.
  path: Assets/Sprites/Grass Tiles/Vegetation_126.asset
  artifactKey: Guid(b395cf2c176ce844c9ebd1561262cffb) Importer(815301076,1909f56bfc062723c751e8b465ee728b)
Start importing Assets/Sprites/Grass Tiles/Vegetation_126.asset using Guid(b395cf2c176ce844c9ebd1561262cffb) Importer(815301076,1909f56bfc062723c751e8b465ee728b) (PreviewImporter) -> (artifact id: '41683a4d17a50c22e44e8c6c45a13e39') in 0.0140647 seconds
Number of updated asset objects reloaded before import = 0Number of asset objects unloaded after import = 3

========================================================================
Received Import Request.
  Time since last request: 0.000021 seconds.
  path: Assets/Sprites/Grass Tiles/Vegetation_105.asset
  artifactKey: Guid(3950b531d35d8354e9a81b21bf5071fe) Importer(815301076,1909f56bfc062723c751e8b465ee728b)
Start importing Assets/Sprites/Grass Tiles/Vegetation_105.asset using Guid(3950b531d35d8354e9a81b21bf5071fe) Importer(815301076,1909f56bfc062723c751e8b465ee728b) (PreviewImporter) -> (artifact id: 'b6c3cfdf56347914feb513e193909536') in 0.0154267 seconds
Number of updated asset objects reloaded before import = 0Number of asset objects unloaded after import = 3

========================================================================
Received Import Request.
  Time since last request: 0.000034 seconds.
  path: Assets/Sprites/Grass Tiles/Vegetation_99.asset
  artifactKey: Guid(fe865251552077b439a19377e380a2e8) Importer(815301076,1909f56bfc062723c751e8b465ee728b)
Start importing Assets/Sprites/Grass Tiles/Vegetation_99.asset using Guid(fe865251552077b439a19377e380a2e8) Importer(815301076,1909f56bfc062723c751e8b465ee728b) (PreviewImporter) -> (artifact id: '8cf54d977da91edb8b143f0bec91c6a8') in 0.0167359 seconds
Number of updated asset objects reloaded before import = 0Number of asset objects unloaded after import = 3

========================================================================
Received Import Request.
  Time since last request: 0.000033 seconds.
  path: Assets/Sprites/Grass Tiles/Vegetation_96.asset
  artifactKey: Guid(d2dd2f6b7e8a5c143a797cf47c758295) Importer(815301076,1909f56bfc062723c751e8b465ee728b)
Start importing Assets/Sprites/Grass Tiles/Vegetation_96.asset using Guid(d2dd2f6b7e8a5c143a797cf47c758295) Importer(815301076,1909f56bfc062723c751e8b465ee728b) (PreviewImporter) -> (artifact id: '85679a30f290ebf0864f03e20496e451') in 0.0158081 seconds
Number of updated asset objects reloaded before import = 0Number of asset objects unloaded after import = 3

========================================================================
Received Import Request.
  Time since last request: 0.000032 seconds.
  path: Assets/Sprites/Grass Tiles/Vegetation_115.asset
  artifactKey: Guid(36f1a0df1d900e346a6e4804c4cd44da) Importer(815301076,1909f56bfc062723c751e8b465ee728b)
Start importing Assets/Sprites/Grass Tiles/Vegetation_115.asset using Guid(36f1a0df1d900e346a6e4804c4cd44da) Importer(815301076,1909f56bfc062723c751e8b465ee728b) (PreviewImporter) -> (artifact id: '22dd9c84f309ea0fbdc364be74b8b49b') in 0.0128145 seconds
Number of updated asset objects reloaded before import = 0Number of asset objects unloaded after import = 3

========================================================================
Received Import Request.
  Time since last request: 0.041917 seconds.
  path: Assets/Sprites/Grass Tiles/Vegetation_69.asset
  artifactKey: Guid(1cee61eeec3768441b6c73d915f225ed) Importer(815301076,1909f56bfc062723c751e8b465ee728b)
Start importing Assets/Sprites/Grass Tiles/Vegetation_69.asset using Guid(1cee61eeec3768441b6c73d915f225ed) Importer(815301076,1909f56bfc062723c751e8b465ee728b) (PreviewImporter) -> (artifact id: 'bcba538fa35b0ef2918b799f404ed062') in 0.0130905 seconds
Number of updated asset objects reloaded before import = 0Number of asset objects unloaded after import = 3

========================================================================
Received Import Request.
  Time since last request: 0.000029 seconds.
  path: Assets/Sprites/Grass Tiles/Vegetation_72.asset
  artifactKey: Guid(bc803aff9560b1d49b456c6492687266) Importer(815301076,1909f56bfc062723c751e8b465ee728b)
Start importing Assets/Sprites/Grass Tiles/Vegetation_72.asset using Guid(bc803aff9560b1d49b456c6492687266) Importer(815301076,1909f56bfc062723c751e8b465ee728b) (PreviewImporter) -> (artifact id: '9e181009df372f5172e6ca2cc27f8d2b') in 0.0146899 seconds
Number of updated asset objects reloaded before import = 0Number of asset objects unloaded after import = 3

========================================================================
Received Import Request.
  Time since last request: 0.000020 seconds.
  path: Assets/Sprites/Grass Tiles/Vegetation_56.asset
  artifactKey: Guid(0dbce87f88e05884189b7124356b249d) Importer(815301076,1909f56bfc062723c751e8b465ee728b)
Start importing Assets/Sprites/Grass Tiles/Vegetation_56.asset using Guid(0dbce87f88e05884189b7124356b249d) Importer(815301076,1909f56bfc062723c751e8b465ee728b) (PreviewImporter) -> (artifact id: 'a23ea66959d37b24032b03965b6f32da') in 0.0156739 seconds
Number of updated asset objects reloaded before import = 0Number of asset objects unloaded after import = 3

========================================================================
Received Import Request.
  Time since last request: 0.000044 seconds.
  path: Assets/Sprites/Grass Tiles/Vegetation_63.asset
  artifactKey: Guid(939920dc5d0837247b741c0ee8281cda) Importer(815301076,1909f56bfc062723c751e8b465ee728b)
Start importing Assets/Sprites/Grass Tiles/Vegetation_63.asset using Guid(939920dc5d0837247b741c0ee8281cda) Importer(815301076,1909f56bfc062723c751e8b465ee728b) (PreviewImporter) -> (artifact id: '779101f79242010766c23eb367cbd95a') in 0.0181551 seconds
Number of updated asset objects reloaded before import = 0Number of asset objects unloaded after import = 3

========================================================================
Received Import Request.
  Time since last request: 0.000023 seconds.
  path: Assets/Sprites/Grass Tiles/Vegetation_45.asset
  artifactKey: Guid(2353b3413e4f8144fa287e638f1ce320) Importer(815301076,1909f56bfc062723c751e8b465ee728b)
Start importing Assets/Sprites/Grass Tiles/Vegetation_45.asset using Guid(2353b3413e4f8144fa287e638f1ce320) Importer(815301076,1909f56bfc062723c751e8b465ee728b) (PreviewImporter) -> (artifact id: '7c8707efc0fb3362cbeab90caf0f41a6') in 0.0146588 seconds
Number of updated asset objects reloaded before import = 0Number of asset objects unloaded after import = 3

========================================================================
Received Import Request.
  Time since last request: 0.000036 seconds.
  path: Assets/Sprites/Grass Tiles/Vegetation_35.asset
  artifactKey: Guid(fbb5f34aa73882d4aba46d04c6ab6cc2) Importer(815301076,1909f56bfc062723c751e8b465ee728b)
Start importing Assets/Sprites/Grass Tiles/Vegetation_35.asset using Guid(fbb5f34aa73882d4aba46d04c6ab6cc2) Importer(815301076,1909f56bfc062723c751e8b465ee728b) (PreviewImporter) -> (artifact id: 'ba755641bb2b818aa57e0f4fca2def52') in 0.0153332 seconds
Number of updated asset objects reloaded before import = 0Number of asset objects unloaded after import = 3

========================================================================
Received Import Request.
  Time since last request: 0.000024 seconds.
  path: Assets/Sprites/Grass Tiles/Vegetation_51.asset
  artifactKey: Guid(8f56037a8857e6d4c86ced721cfab3d7) Importer(815301076,1909f56bfc062723c751e8b465ee728b)
Start importing Assets/Sprites/Grass Tiles/Vegetation_51.asset using Guid(8f56037a8857e6d4c86ced721cfab3d7) Importer(815301076,1909f56bfc062723c751e8b465ee728b) (PreviewImporter) -> (artifact id: 'd4009b6d32f2c405e03910549c7afbcf') in 0.0159776 seconds
Number of updated asset objects reloaded before import = 0Number of asset objects unloaded after import = 3

========================================================================
Received Import Request.
  Time since last request: 0.000021 seconds.
  path: Assets/Sprites/Grass Tiles/Vegetation_32.asset
  artifactKey: Guid(0af3561dfae3b1645a4faba6cc505a30) Importer(815301076,1909f56bfc062723c751e8b465ee728b)
Start importing Assets/Sprites/Grass Tiles/Vegetation_32.asset using Guid(0af3561dfae3b1645a4faba6cc505a30) Importer(815301076,1909f56bfc062723c751e8b465ee728b) (PreviewImporter) -> (artifact id: 'b7d1b7edf2f9de205ed43517e66d6e9e') in 0.0245706 seconds
Number of updated asset objects reloaded before import = 0Number of asset objects unloaded after import = 3

========================================================================
Received Import Request.
  Time since last request: 0.000022 seconds.
  path: Assets/Sprites/Grass Tiles/Vegetation_40.asset
  artifactKey: Guid(b4ef22aa1ee8e714f8e337a95de4594b) Importer(815301076,1909f56bfc062723c751e8b465ee728b)
Start importing Assets/Sprites/Grass Tiles/Vegetation_40.asset using Guid(b4ef22aa1ee8e714f8e337a95de4594b) Importer(815301076,1909f56bfc062723c751e8b465ee728b) (PreviewImporter) -> (artifact id: 'f984925039403ee9d213b710475b3a08') in 0.01517 seconds
Number of updated asset objects reloaded before import = 0Number of asset objects unloaded after import = 3

========================================================================
Received Import Request.
  Time since last request: 0.091851 seconds.
  path: Assets/Sprites/Grass Tiles/Vegetation_17.asset
  artifactKey: Guid(18c28d06252be644bb4a50e6ee76ca81) Importer(815301076,1909f56bfc062723c751e8b465ee728b)
Start importing Assets/Sprites/Grass Tiles/Vegetation_17.asset using Guid(18c28d06252be644bb4a50e6ee76ca81) Importer(815301076,1909f56bfc062723c751e8b465ee728b) (PreviewImporter) -> (artifact id: 'e80fee7b9d2a61a9f68d25d295d1715c') in 0.0141972 seconds
Number of updated asset objects reloaded before import = 0Number of asset objects unloaded after import = 3

========================================================================
Received Import Request.
  Time since last request: 0.000020 seconds.
  path: Assets/Sprites/Grass Tiles/Vegetation_9.asset
  artifactKey: Guid(7f54fb445d9f428478d6a0ebeab2a8d9) Importer(815301076,1909f56bfc062723c751e8b465ee728b)
Start importing Assets/Sprites/Grass Tiles/Vegetation_9.asset using Guid(7f54fb445d9f428478d6a0ebeab2a8d9) Importer(815301076,1909f56bfc062723c751e8b465ee728b) (PreviewImporter) -> (artifact id: '84038203d706e4b3b3ef8133b3adb88c') in 0.0160443 seconds
Number of updated asset objects reloaded before import = 0Number of asset objects unloaded after import = 3

========================================================================
Received Import Request.
  Time since last request: 0.000032 seconds.
  path: Assets/Sprites/Grass Tiles/Vegetation_19.asset
  artifactKey: Guid(90d1692da8e5c3e47aeda34572cd3b80) Importer(815301076,1909f56bfc062723c751e8b465ee728b)
Start importing Assets/Sprites/Grass Tiles/Vegetation_19.asset using Guid(90d1692da8e5c3e47aeda34572cd3b80) Importer(815301076,1909f56bfc062723c751e8b465ee728b) (PreviewImporter) -> (artifact id: '0bebf0b2a9325ac416eedc24f53b642c') in 0.0172251 seconds
Number of updated asset objects reloaded before import = 0Number of asset objects unloaded after import = 3

========================================================================
Received Import Request.
  Time since last request: 0.000043 seconds.
  path: Assets/Sprites/Grass Tiles/Floors_Tiles_234.asset
  artifactKey: Guid(1a9bc3b18976eb54792e95d72fab5deb) Importer(815301076,1909f56bfc062723c751e8b465ee728b)
Start importing Assets/Sprites/Grass Tiles/Floors_Tiles_234.asset using Guid(1a9bc3b18976eb54792e95d72fab5deb) Importer(815301076,1909f56bfc062723c751e8b465ee728b) (PreviewImporter) -> (artifact id: '057455968d48e14a7ad0dc0269afbcf0') in 0.0133549 seconds
Number of updated asset objects reloaded before import = 0Number of asset objects unloaded after import = 3

========================================================================
Received Import Request.
  Time since last request: 0.000023 seconds.
  path: Assets/Sprites/Grass Tiles/Floors_Tiles_256.asset
  artifactKey: Guid(e93f0553dcb00154f98179b584336c0d) Importer(815301076,1909f56bfc062723c751e8b465ee728b)
Start importing Assets/Sprites/Grass Tiles/Floors_Tiles_256.asset using Guid(e93f0553dcb00154f98179b584336c0d) Importer(815301076,1909f56bfc062723c751e8b465ee728b) (PreviewImporter) -> (artifact id: '00fcfeb477f4edb5b72be265ae870fb8') in 0.0138471 seconds
Number of updated asset objects reloaded before import = 0Number of asset objects unloaded after import = 3

========================================================================
Received Import Request.
  Time since last request: 0.000025 seconds.
  path: Assets/Sprites/Grass Tiles/Floors_Tiles_238.asset
  artifactKey: Guid(e8f5d493b92778244b4725a2cf34df63) Importer(815301076,1909f56bfc062723c751e8b465ee728b)
Start importing Assets/Sprites/Grass Tiles/Floors_Tiles_238.asset using Guid(e8f5d493b92778244b4725a2cf34df63) Importer(815301076,1909f56bfc062723c751e8b465ee728b) (PreviewImporter) -> (artifact id: '31b0f3651444b7d7b2592b5c4c2f03e1') in 0.0142587 seconds
Number of updated asset objects reloaded before import = 0Number of asset objects unloaded after import = 3

========================================================================
Received Import Request.
  Time since last request: 0.000029 seconds.
  path: Assets/Sprites/Grass Tiles/Floors_Tiles_233.asset
  artifactKey: Guid(a99a096288010264ebe037020815ec0a) Importer(815301076,1909f56bfc062723c751e8b465ee728b)
Start importing Assets/Sprites/Grass Tiles/Floors_Tiles_233.asset using Guid(a99a096288010264ebe037020815ec0a) Importer(815301076,1909f56bfc062723c751e8b465ee728b) (PreviewImporter) -> (artifact id: 'd2d8c5263788f4a7aa2569b971788180') in 0.018077 seconds
Number of updated asset objects reloaded before import = 0Number of asset objects unloaded after import = 3

========================================================================
Received Import Request.
  Time since last request: 0.000022 seconds.
  path: Assets/Sprites/Grass Tiles/Grass Tile.prefab
  artifactKey: Guid(a235b49ff8d37b1488926a7cb55f05b3) Importer(815301076,1909f56bfc062723c751e8b465ee728b)
Start importing Assets/Sprites/Grass Tiles/Grass Tile.prefab using Guid(a235b49ff8d37b1488926a7cb55f05b3) Importer(815301076,1909f56bfc062723c751e8b465ee728b) (PreviewImporter) -> (artifact id: 'db948f709beb5690b6f44306c92c9d7a') in 0.2788137 seconds
Number of updated asset objects reloaded before import = 0Number of asset objects unloaded after import = 1937

========================================================================
Received Import Request.
  Time since last request: 0.000032 seconds.
  path: Assets/Sprites/Grass Tiles/Floors_Tiles_192.asset
  artifactKey: Guid(733129e3585735a419f82b80189fad30) Importer(815301076,1909f56bfc062723c751e8b465ee728b)
Start importing Assets/Sprites/Grass Tiles/Floors_Tiles_192.asset using Guid(733129e3585735a419f82b80189fad30) Importer(815301076,1909f56bfc062723c751e8b465ee728b) (PreviewImporter) -> (artifact id: '775bfd9f011efde8517c35c194f00bdd') in 0.0099837 seconds
Number of updated asset objects reloaded before import = 0Number of asset objects unloaded after import = 3

========================================================================
Received Import Request.
  Time since last request: 0.000044 seconds.
  path: Assets/Sprites/Grass Tiles/Floors_Tiles_201.asset
  artifactKey: Guid(8993e7e6a34fd3d41b650d78e114a45b) Importer(815301076,1909f56bfc062723c751e8b465ee728b)
Start importing Assets/Sprites/Grass Tiles/Floors_Tiles_201.asset using Guid(8993e7e6a34fd3d41b650d78e114a45b) Importer(815301076,1909f56bfc062723c751e8b465ee728b) (PreviewImporter) -> (artifact id: '0ab67877a09de134fc6cc4afc416345b') in 0.0086283 seconds
Number of updated asset objects reloaded before import = 0Number of asset objects unloaded after import = 3

========================================================================
Received Import Request.
  Time since last request: 0.000021 seconds.
  path: Assets/Sprites/Grass Tiles/Floors_Tiles_213.asset
  artifactKey: Guid(1d67aa33e75fe0a40a3aec3041ea00f5) Importer(815301076,1909f56bfc062723c751e8b465ee728b)
Start importing Assets/Sprites/Grass Tiles/Floors_Tiles_213.asset using Guid(1d67aa33e75fe0a40a3aec3041ea00f5) Importer(815301076,1909f56bfc062723c751e8b465ee728b) (PreviewImporter) -> (artifact id: '9dda4c3fc51826bb0ff49c00ead6a804') in 0.0184544 seconds
Number of updated asset objects reloaded before import = 0Number of asset objects unloaded after import = 3

========================================================================
Received Import Request.
  Time since last request: 0.029159 seconds.
  path: Assets/Sprites/Grass Tiles/Floors_Tiles_147.asset
  artifactKey: Guid(d32873a37181add4ebdde76774bba966) Importer(815301076,1909f56bfc062723c751e8b465ee728b)
Start importing Assets/Sprites/Grass Tiles/Floors_Tiles_147.asset using Guid(d32873a37181add4ebdde76774bba966) Importer(815301076,1909f56bfc062723c751e8b465ee728b) (PreviewImporter) -> (artifact id: '3fb1aecdcc4648268524b8eeb67f8575') in 0.0185117 seconds
Number of updated asset objects reloaded before import = 0Number of asset objects unloaded after import = 3

========================================================================
Received Import Request.
  Time since last request: 0.000034 seconds.
  path: Assets/Sprites/Grass Tiles/Floors_Tiles_150.asset
  artifactKey: Guid(12f90e2ab47594e4ca7113cb20a345ff) Importer(815301076,1909f56bfc062723c751e8b465ee728b)
Start importing Assets/Sprites/Grass Tiles/Floors_Tiles_150.asset using Guid(12f90e2ab47594e4ca7113cb20a345ff) Importer(815301076,1909f56bfc062723c751e8b465ee728b) (PreviewImporter) -> (artifact id: 'bb5145df8bba1cb9317960a4549ef477') in 0.017767 seconds
Number of updated asset objects reloaded before import = 0Number of asset objects unloaded after import = 3

========================================================================
Received Import Request.
  Time since last request: 0.000029 seconds.
  path: Assets/Sprites/Grass Tiles/Floors_Tiles_121.asset
  artifactKey: Guid(e4430e00599166443903a0050c027f65) Importer(815301076,1909f56bfc062723c751e8b465ee728b)
Start importing Assets/Sprites/Grass Tiles/Floors_Tiles_121.asset using Guid(e4430e00599166443903a0050c027f65) Importer(815301076,1909f56bfc062723c751e8b465ee728b) (PreviewImporter) -> (artifact id: 'e2639995d63a26317627355a0604934a') in 0.0163316 seconds
Number of updated asset objects reloaded before import = 0Number of asset objects unloaded after import = 3

========================================================================
Received Import Request.
  Time since last request: 0.000031 seconds.
  path: Assets/Sprites/Grass Tiles/Floors_Tiles_125.asset
  artifactKey: Guid(31ff2e893813a2d4a9e0d3d20ac15b13) Importer(815301076,1909f56bfc062723c751e8b465ee728b)
Start importing Assets/Sprites/Grass Tiles/Floors_Tiles_125.asset using Guid(31ff2e893813a2d4a9e0d3d20ac15b13) Importer(815301076,1909f56bfc062723c751e8b465ee728b) (PreviewImporter) -> (artifact id: '8f47c4e8ae968687c6f3660dcdc58084') in 0.0186196 seconds
Number of updated asset objects reloaded before import = 0Number of asset objects unloaded after import = 3

========================================================================
Received Import Request.
  Time since last request: 0.000023 seconds.
  path: Assets/Sprites/Grass Tiles/Floors_Tiles_115.asset
  artifactKey: Guid(31de5bd29f72c354d85ee162c1d02014) Importer(815301076,1909f56bfc062723c751e8b465ee728b)
Start importing Assets/Sprites/Grass Tiles/Floors_Tiles_115.asset using Guid(31de5bd29f72c354d85ee162c1d02014) Importer(815301076,1909f56bfc062723c751e8b465ee728b) (PreviewImporter) -> (artifact id: 'dc4d75d8e89dd6d83517f41bfc5957f8') in 0.0169525 seconds
Number of updated asset objects reloaded before import = 0Number of asset objects unloaded after import = 3

========================================================================
Received Import Request.
  Time since last request: 0.000022 seconds.
  path: Assets/Sprites/Grass Tiles/Floors_Tiles_134.asset
  artifactKey: Guid(aac5d96e468623648b797f47eb35f2c1) Importer(815301076,1909f56bfc062723c751e8b465ee728b)
Start importing Assets/Sprites/Grass Tiles/Floors_Tiles_134.asset using Guid(aac5d96e468623648b797f47eb35f2c1) Importer(815301076,1909f56bfc062723c751e8b465ee728b) (PreviewImporter) -> (artifact id: '27c6fc4785c4cd79f9cf87ba3ca2918d') in 0.0184453 seconds
Number of updated asset objects reloaded before import = 0Number of asset objects unloaded after import = 3

========================================================================
Received Import Request.
  Time since last request: 0.000027 seconds.
  path: Assets/Sprites/Grass Tiles/Floors_Tiles_114.asset
  artifactKey: Guid(a55e7c006b9ce3f48b09665a03c320d6) Importer(815301076,1909f56bfc062723c751e8b465ee728b)
Start importing Assets/Sprites/Grass Tiles/Floors_Tiles_114.asset using Guid(a55e7c006b9ce3f48b09665a03c320d6) Importer(815301076,1909f56bfc062723c751e8b465ee728b) (PreviewImporter) -> (artifact id: '839b2bde454fe3626900cbb5c1e36671') in 0.0097549 seconds
Number of updated asset objects reloaded before import = 0Number of asset objects unloaded after import = 3

========================================================================
Received Import Request.
  Time since last request: 0.000028 seconds.
  path: Assets/Sprites/Grass Tiles/Floors_Tiles_139.asset
  artifactKey: Guid(bb73abcb8c34be44fbd897c21d1f25ca) Importer(815301076,1909f56bfc062723c751e8b465ee728b)
Start importing Assets/Sprites/Grass Tiles/Floors_Tiles_139.asset using Guid(bb73abcb8c34be44fbd897c21d1f25ca) Importer(815301076,1909f56bfc062723c751e8b465ee728b) (PreviewImporter) -> (artifact id: '1955a9f788285f0e13527367512943cc') in 0.0250225 seconds
Number of updated asset objects reloaded before import = 0Number of asset objects unloaded after import = 3

========================================================================
Received Import Request.
  Time since last request: 0.061773 seconds.
  path: Assets/Sprites/Grass Tiles/Floors_Tiles_95.asset
  artifactKey: Guid(085beaff67fe3af4a8dffd80c5b9699f) Importer(815301076,1909f56bfc062723c751e8b465ee728b)
Start importing Assets/Sprites/Grass Tiles/Floors_Tiles_95.asset using Guid(085beaff67fe3af4a8dffd80c5b9699f) Importer(815301076,1909f56bfc062723c751e8b465ee728b) (PreviewImporter) -> (artifact id: '8e1c377525f8309cfd6875ba1f964c43') in 0.0424097 seconds
Number of updated asset objects reloaded before import = 0Number of asset objects unloaded after import = 3

========================================================================
Received Import Request.
  Time since last request: 0.000030 seconds.
  path: Assets/Sprites/Grass Tiles/Floors_Tiles_66.asset
  artifactKey: Guid(af4afb6864166064aa16f929e0639ab4) Importer(815301076,1909f56bfc062723c751e8b465ee728b)
Start importing Assets/Sprites/Grass Tiles/Floors_Tiles_66.asset using Guid(af4afb6864166064aa16f929e0639ab4) Importer(815301076,1909f56bfc062723c751e8b465ee728b) (PreviewImporter) -> (artifact id: 'bd57caccd5e0c16bfbc0805511a4f9fc') in 0.0182685 seconds
Number of updated asset objects reloaded before import = 0Number of asset objects unloaded after import = 3

========================================================================
Received Import Request.
  Time since last request: 0.000027 seconds.
  path: Assets/Sprites/Grass Tiles/Floors_Tiles_83.asset
  artifactKey: Guid(cfced1b94e14e754491e5858248d56f2) Importer(815301076,1909f56bfc062723c751e8b465ee728b)
Start importing Assets/Sprites/Grass Tiles/Floors_Tiles_83.asset using Guid(cfced1b94e14e754491e5858248d56f2) Importer(815301076,1909f56bfc062723c751e8b465ee728b) (PreviewImporter) -> (artifact id: '29da5cbd6e5f4aa2a101eb6fafba9cac') in 0.0199613 seconds
Number of updated asset objects reloaded before import = 0Number of asset objects unloaded after import = 3

========================================================================
Received Import Request.
  Time since last request: 0.000051 seconds.
  path: Assets/Sprites/Grass Tiles/Floors_Tiles_55.asset
  artifactKey: Guid(235268d33c3ca3040a5bea5a9724271b) Importer(815301076,1909f56bfc062723c751e8b465ee728b)
Start importing Assets/Sprites/Grass Tiles/Floors_Tiles_55.asset using Guid(235268d33c3ca3040a5bea5a9724271b) Importer(815301076,1909f56bfc062723c751e8b465ee728b) (PreviewImporter) -> (artifact id: '09c030d4f99a20c948c5d7d0f14eac89') in 0.0089606 seconds
Number of updated asset objects reloaded before import = 0Number of asset objects unloaded after import = 3

========================================================================
Received Import Request.
  Time since last request: 0.000032 seconds.
  path: Assets/Sprites/Grass Tiles/Floors_Tiles_52.asset
  artifactKey: Guid(a79e5a873ddf3f5439acca329dad7873) Importer(815301076,1909f56bfc062723c751e8b465ee728b)
Start importing Assets/Sprites/Grass Tiles/Floors_Tiles_52.asset using Guid(a79e5a873ddf3f5439acca329dad7873) Importer(815301076,1909f56bfc062723c751e8b465ee728b) (PreviewImporter) -> (artifact id: '0332aafb26e9e603618e6caa94dbca6c') in 0.0088227 seconds
Number of updated asset objects reloaded before import = 0Number of asset objects unloaded after import = 3

========================================================================
Received Import Request.
  Time since last request: 0.000028 seconds.
  path: Assets/Sprites/Grass Tiles/Floors_Tiles_59.asset
  artifactKey: Guid(17c7cc0352eddd642a5c98af7f7a72b4) Importer(815301076,1909f56bfc062723c751e8b465ee728b)
Start importing Assets/Sprites/Grass Tiles/Floors_Tiles_59.asset using Guid(17c7cc0352eddd642a5c98af7f7a72b4) Importer(815301076,1909f56bfc062723c751e8b465ee728b) (PreviewImporter) -> (artifact id: 'bb7cb8922207d9dfb7626c7e1afbe896') in 0.0185273 seconds
Number of updated asset objects reloaded before import = 0Number of asset objects unloaded after import = 3

========================================================================
Received Import Request.
  Time since last request: 0.000025 seconds.
  path: Assets/Sprites/Grass Tiles/Floors_Tiles_67.asset
  artifactKey: Guid(3fe6d619abf665a4885730a83a6b91c5) Importer(815301076,1909f56bfc062723c751e8b465ee728b)
Start importing Assets/Sprites/Grass Tiles/Floors_Tiles_67.asset using Guid(3fe6d619abf665a4885730a83a6b91c5) Importer(815301076,1909f56bfc062723c751e8b465ee728b) (PreviewImporter) -> (artifact id: 'e2a5affa48f6c5b93eb3339c02936dc9') in 0.0079778 seconds
Number of updated asset objects reloaded before import = 0Number of asset objects unloaded after import = 3

========================================================================
Received Import Request.
  Time since last request: 0.000025 seconds.
  path: Assets/Sprites/Grass Tiles/Floors_Tiles_65.asset
  artifactKey: Guid(3d7f4d983bd8e1f4faa90a4060640d60) Importer(815301076,1909f56bfc062723c751e8b465ee728b)
Start importing Assets/Sprites/Grass Tiles/Floors_Tiles_65.asset using Guid(3d7f4d983bd8e1f4faa90a4060640d60) Importer(815301076,1909f56bfc062723c751e8b465ee728b) (PreviewImporter) -> (artifact id: '177b20ba1563650c2ce3b6a0654afb58') in 0.0186301 seconds
Number of updated asset objects reloaded before import = 0Number of asset objects unloaded after import = 3

========================================================================
Received Import Request.
  Time since last request: 0.060610 seconds.
  path: Assets/Sprites/Grass Tiles/Floors_Tiles_43.asset
  artifactKey: Guid(d7b0e8f9e35645542a93060bf5153b43) Importer(815301076,1909f56bfc062723c751e8b465ee728b)
Start importing Assets/Sprites/Grass Tiles/Floors_Tiles_43.asset using Guid(d7b0e8f9e35645542a93060bf5153b43) Importer(815301076,1909f56bfc062723c751e8b465ee728b) (PreviewImporter) -> (artifact id: '128465466fe4bddd6f69bc913ace391c') in 0.0108588 seconds
Number of updated asset objects reloaded before import = 0Number of asset objects unloaded after import = 3

========================================================================
Received Import Request.
  Time since last request: 0.000031 seconds.
  path: Assets/Sprites/Grass Tiles/Floors_Tiles_51.asset
  artifactKey: Guid(b9f91fb0de148364d996f5c17725a508) Importer(815301076,1909f56bfc062723c751e8b465ee728b)
Start importing Assets/Sprites/Grass Tiles/Floors_Tiles_51.asset using Guid(b9f91fb0de148364d996f5c17725a508) Importer(815301076,1909f56bfc062723c751e8b465ee728b) (PreviewImporter) -> (artifact id: '45c19597d8efddeabb44d3db7bbd58b4') in 0.0089613 seconds
Number of updated asset objects reloaded before import = 0Number of asset objects unloaded after import = 3

========================================================================
Received Import Request.
  Time since last request: 0.000020 seconds.
  path: Assets/Sprites/Grass Tiles/Floors_Tiles_45.asset
  artifactKey: Guid(d89fb579d881903478a4afcb13fb8baf) Importer(815301076,1909f56bfc062723c751e8b465ee728b)
Start importing Assets/Sprites/Grass Tiles/Floors_Tiles_45.asset using Guid(d89fb579d881903478a4afcb13fb8baf) Importer(815301076,1909f56bfc062723c751e8b465ee728b) (PreviewImporter) -> (artifact id: '94318290a115d4f8fae8337687d3b309') in 0.0145386 seconds
Number of updated asset objects reloaded before import = 0Number of asset objects unloaded after import = 3

========================================================================
Received Import Request.
  Time since last request: 0.000900 seconds.
  path: Assets/Sprites/Grass Tiles/Floors_Tiles_30.asset
  artifactKey: Guid(c27d2936a70161b41b06243dfd14a004) Importer(815301076,1909f56bfc062723c751e8b465ee728b)
Start importing Assets/Sprites/Grass Tiles/Floors_Tiles_30.asset using Guid(c27d2936a70161b41b06243dfd14a004) Importer(815301076,1909f56bfc062723c751e8b465ee728b) (PreviewImporter) -> (artifact id: 'a533489bd48f8952f6dfcf9d924cb5bc') in 0.0228031 seconds
Number of updated asset objects reloaded before import = 0Number of asset objects unloaded after import = 3

========================================================================
Received Import Request.
  Time since last request: 0.000025 seconds.
  path: Assets/Sprites/Grass Tiles/Floors_Tiles_15.asset
  artifactKey: Guid(cc3cc7dcd2d4b3b42a0065ebbc53a0a6) Importer(815301076,1909f56bfc062723c751e8b465ee728b)
Start importing Assets/Sprites/Grass Tiles/Floors_Tiles_15.asset using Guid(cc3cc7dcd2d4b3b42a0065ebbc53a0a6) Importer(815301076,1909f56bfc062723c751e8b465ee728b) (PreviewImporter) -> (artifact id: 'bd5fe723b309744a04bfaab88e7cf83b') in 0.0169563 seconds
Number of updated asset objects reloaded before import = 0Number of asset objects unloaded after import = 3

========================================================================
Received Import Request.
  Time since last request: 0.000031 seconds.
  path: Assets/Sprites/Grass Tiles/Floors_Tiles_17.asset
  artifactKey: Guid(71a6fa30c5d0844489391a864240afe6) Importer(815301076,1909f56bfc062723c751e8b465ee728b)
Start importing Assets/Sprites/Grass Tiles/Floors_Tiles_17.asset using Guid(71a6fa30c5d0844489391a864240afe6) Importer(815301076,1909f56bfc062723c751e8b465ee728b) (PreviewImporter) -> (artifact id: 'e22dc4c2724aeb5d5ef81ce505a3f9f1') in 0.0192897 seconds
Number of updated asset objects reloaded before import = 0Number of asset objects unloaded after import = 3

========================================================================
Received Import Request.
  Time since last request: 0.125325 seconds.
  path: Assets/Sprites/Grass Tiles/Floors_Tiles_4.asset
  artifactKey: Guid(5aeb7012d7b08994e9b5218c6ad1b252) Importer(815301076,1909f56bfc062723c751e8b465ee728b)
Start importing Assets/Sprites/Grass Tiles/Floors_Tiles_4.asset using Guid(5aeb7012d7b08994e9b5218c6ad1b252) Importer(815301076,1909f56bfc062723c751e8b465ee728b) (PreviewImporter) -> (artifact id: 'a3c973a8eb3115f583319f8e68c9191f') in 0.0233992 seconds
Number of updated asset objects reloaded before import = 0Number of asset objects unloaded after import = 3

Editor requested this worker to shutdown with reason: Scaling down because of idle timeout
AssetImportWorker is now disconnected from the server
Process exiting
Exiting without the bug reporter. Application will terminate with return code 0