Using pre-set license
Built from '6000.1/staging' branch; Version is '6000.1.10f1 (3c681a6c22ff) revision 3958810'; Using compiler version '194234433'; Build Type 'Release'
OS: 'Windows 11  (10.0.26100) 64bit Professional' Language: 'en' Physical Memory: 31864 MB
BatchMode: 1, IsHumanControllingUs: 0, StartBugReporterOnCrash: 0, Is64bit: 1, IsPro: 1
Date: 2025-07-21T13:13:09Z

COMMAND LINE ARGUMENTS:
C:\Program Files\Unity\Hub\Editor\6000.1.10f1\Editor\Unity.exe
-adb2
-batchMode
-noUpm
-name
AssetImportWorker8
-projectPath
C:/edy/joc_cu_cosmin/Prima_incercare_R/prima_incercare
-logFile
Logs/AssetImportWorker8.log
-srvPort
58255
-job-worker-count
11
-background-job-worker-count
8
-gc-helper-count
1
-name
AssetImport
Successfully changed project path to: C:/edy/joc_cu_cosmin/Prima_incercare_R/prima_incercare
C:/edy/joc_cu_cosmin/Prima_incercare_R/prima_incercare
[UnityMemory] Configuration Parameters - Can be set up in boot.config
    "memorysetup-allocator-temp-initial-block-size-main=262144"
    "memorysetup-allocator-temp-initial-block-size-worker=262144"
    "memorysetup-bucket-allocator-granularity=16"
    "memorysetup-bucket-allocator-bucket-count=8"
    "memorysetup-bucket-allocator-block-size=33554432"
    "memorysetup-bucket-allocator-block-count=8"
    "memorysetup-main-allocator-block-size=16777216"
    "memorysetup-thread-allocator-block-size=16777216"
    "memorysetup-gfx-main-allocator-block-size=16777216"
    "memorysetup-gfx-thread-allocator-block-size=16777216"
    "memorysetup-cache-allocator-block-size=4194304"
    "memorysetup-typetree-allocator-block-size=2097152"
    "memorysetup-profiler-bucket-allocator-granularity=16"
    "memorysetup-profiler-bucket-allocator-bucket-count=8"
    "memorysetup-profiler-bucket-allocator-block-size=33554432"
    "memorysetup-profiler-bucket-allocator-block-count=8"
    "memorysetup-profiler-allocator-block-size=16777216"
    "memorysetup-profiler-editor-allocator-block-size=1048576"
    "memorysetup-temp-allocator-size-main=16777216"
    "memorysetup-job-temp-allocator-block-size=2097152"
    "memorysetup-job-temp-allocator-block-size-background=1048576"
    "memorysetup-job-temp-allocator-reduction-small-platforms=262144"
    "memorysetup-temp-allocator-size-background-worker=32768"
    "memorysetup-temp-allocator-size-job-worker=262144"
    "memorysetup-temp-allocator-size-preload-manager=33554432"
    "memorysetup-temp-allocator-size-nav-mesh-worker=65536"
    "memorysetup-temp-allocator-size-audio-worker=65536"
    "memorysetup-temp-allocator-size-cloud-worker=32768"
    "memorysetup-temp-allocator-size-gi-baking-worker=262144"
    "memorysetup-temp-allocator-size-gi-baking-worker=262144"
    "memorysetup-temp-allocator-size-gi-baking-worker=262144"
    "memorysetup-temp-allocator-size-gi-baking-worker=262144"
    "memorysetup-temp-allocator-size-gi-baking-worker=262144"
    "memorysetup-temp-allocator-size-gfx=262144"
Player connection [14780]  Target information:

Player connection [14780]  * "[IP] 10.10.1.204 [Port] 0 [Flags] 2 [Guid] 2751708737 [EditorId] 2751708737 [Version] 1048832 [Id] WindowsEditor(7,Eduard) [Debug] 1 [PackageName] WindowsEditor [ProjectName] Editor" 

Player connection [14780] Host joined multi-casting on [225.0.0.222:54997]...
Player connection [14780] Host joined alternative multi-casting on [225.0.0.222:34997]...
JobSystem: Creating JobQueue using job-worker-count value 11
Input System module state changed to: Initialized.
[Physics::Module] Initialized fallback backend.
[Physics::Module] Id: 0xdecafbad
Library Redirect Path: Library/
[Physics::Module] Selected backend.
[Physics::Module] Name: PhysX
[Physics::Module] Id: 0xf2b8ea05
[Physics::Module] SDK Version: 4.1.2
[Physics::Module] Integration Version: 1.0.0
[Physics::Module] Threading Mode: Multi-Threaded
Refreshing native plugins compatible for Editor in 2.45 ms, found 4 plugins.
Preloading 0 native plugins for Editor in 0.00 ms.
Initialize engine version: 6000.1.10f1 (3c681a6c22ff)
[Subsystems] Discovering subsystems at path C:/Program Files/Unity/Hub/Editor/6000.1.10f1/Editor/Data/Resources/UnitySubsystems
[Subsystems] Discovering subsystems at path C:/edy/joc_cu_cosmin/Prima_incercare_R/prima_incercare/Assets
GfxDevice: creating device client; kGfxThreadingModeNonThreaded
Direct3D:
    Version:         Direct3D 12 [level 12.1]
    Renderer:        NVIDIA GeForce RTX 4060 Laptop GPU (ID=0x28e0)
    Vendor:          NVIDIA
    VRAM:            7957 MB
    App VRAM Budget: 7189 MB
    Driver:          32.0.15.6607
Initialize mono
Mono path[0] = 'C:/Program Files/Unity/Hub/Editor/6000.1.10f1/Editor/Data/Managed'
Mono path[1] = 'C:/Program Files/Unity/Hub/Editor/6000.1.10f1/Editor/Data/MonoBleedingEdge/lib/mono/unityjit-win32'
Mono config path = 'C:/Program Files/Unity/Hub/Editor/6000.1.10f1/Editor/Data/MonoBleedingEdge/etc'
Using monoOptions --debugger-agent=transport=dt_socket,embedding=1,server=y,suspend=n,address=127.0.0.1:56032
Begin MonoManager ReloadAssembly
Registering precompiled unity dll's ...
Register platform support module: C:/Program Files/Unity/Hub/Editor/6000.1.10f1/Editor/Data/PlaybackEngines/WebGLSupport/UnityEditor.WebGL.Extensions.dll
Register platform support module: C:/Program Files/Unity/Hub/Editor/6000.1.10f1/Editor/Data/PlaybackEngines/WindowsStandaloneSupport/UnityEditor.WindowsStandalone.Extensions.dll
Registered in 0.001159 seconds.
- Loaded All Assemblies, in  0.319 seconds
Native extension for WindowsStandalone target not found
Native extension for WebGL target not found
Mono: successfully reloaded assembly
- Finished resetting the current domain, in  0.375 seconds
Domain Reload Profiling: 694ms
	BeginReloadAssembly (93ms)
		ExecutionOrderSort (0ms)
		DisableScriptedObjects (0ms)
		BackupInstance (0ms)
		ReleaseScriptingObjects (0ms)
		CreateAndSetChildDomain (1ms)
	RebuildCommonClasses (34ms)
	RebuildNativeTypeToScriptingClass (9ms)
	initialDomainReloadingComplete (30ms)
	LoadAllAssembliesAndSetupDomain (152ms)
		LoadAssemblies (91ms)
		RebuildTransferFunctionScriptingTraits (0ms)
		AnalyzeDomain (150ms)
			TypeCache.Refresh (148ms)
				TypeCache.ScanAssembly (137ms)
			BuildScriptInfoCaches (0ms)
			ResolveRequiredComponents (1ms)
	FinalizeReload (376ms)
		ReleaseScriptCaches (0ms)
		RebuildScriptCaches (0ms)
		SetupLoadedEditorAssemblies (329ms)
			LogAssemblyErrors (0ms)
			InitializePlatformSupportModulesInManaged (50ms)
			SetLoadedEditorAssemblies (4ms)
			BeforeProcessingInitializeOnLoad (67ms)
			ProcessInitializeOnLoadAttributes (158ms)
			ProcessInitializeOnLoadMethodAttributes (50ms)
			AfterProcessingInitializeOnLoad (0ms)
			EditorAssembliesLoaded (0ms)
		ExecutionOrderSort2 (0ms)
		AwakeInstancesAfterBackupRestoration (0ms)
Assembly reference Packages/com.unity.cinemachine/Editor/Samples/ExposeHDRPInternals/HDRP-Editor-ref.asmref has no target assembly definition
========================================================================
Worker process is ready to serve import requests
Import Worker Mode flag is 0x00
Assembly reference Packages/com.unity.cinemachine/Editor/Samples/ExposeHDRPInternals/HDRP-Editor-ref.asmref has no target assembly definition
Assembly reference Packages/com.unity.cinemachine/Editor/Samples/ExposeHDRPInternals/HDRP-Editor-ref.asmref has no target assembly definition
Begin MonoManager ReloadAssembly
- Loaded All Assemblies, in  0.523 seconds
Assembly reference Packages/com.unity.cinemachine/Editor/Samples/ExposeHDRPInternals/HDRP-Editor-ref.asmref has no target assembly definition
'Packages/com.unity.cinemachine/Editor/Obsolete/CinemachineVirtualCameraBaseEditor.cs' contains partial class of Unity.Object, exactly 1 of the partial classes needs to be in a file with the same filename. This is to know the one that can be referenced from ie. GameObjects
'Packages/com.unity.cinemachine/Editor/Editors/CinemachineVirtualCameraBaseEditor.cs' contains partial class of Unity.Object, exactly 1 of the partial classes needs to be in a file with the same filename. This is to know the one that can be referenced from ie. GameObjects
Refreshing native plugins compatible for Editor in 0.82 ms, found 4 plugins.
Native extension for WindowsStandalone target not found
Native extension for WebGL target not found
Assembly reference Packages/com.unity.cinemachine/Editor/Samples/ExposeHDRPInternals/HDRP-Editor-ref.asmref has no target assembly definition
Package Manager log level set to [2]
[Package Manager] Failed to launch server process. Reason: Unity was launched with the -noUpm command-line argument
[Package Manager] Unable to send message (not connected to server process).
[Package Manager] Cannot connect to Unity Package Manager local server
Mono: successfully reloaded assembly
- Finished resetting the current domain, in  0.472 seconds
Domain Reload Profiling: 993ms
	BeginReloadAssembly (126ms)
		ExecutionOrderSort (0ms)
		DisableScriptedObjects (4ms)
		BackupInstance (0ms)
		ReleaseScriptingObjects (0ms)
		CreateAndSetChildDomain (32ms)
	RebuildCommonClasses (26ms)
	RebuildNativeTypeToScriptingClass (8ms)
	initialDomainReloadingComplete (24ms)
	LoadAllAssembliesAndSetupDomain (337ms)
		LoadAssemblies (228ms)
		RebuildTransferFunctionScriptingTraits (0ms)
		AnalyzeDomain (174ms)
			TypeCache.Refresh (136ms)
				TypeCache.ScanAssembly (126ms)
			BuildScriptInfoCaches (31ms)
			ResolveRequiredComponents (4ms)
	FinalizeReload (473ms)
		ReleaseScriptCaches (0ms)
		RebuildScriptCaches (0ms)
		SetupLoadedEditorAssemblies (400ms)
			LogAssemblyErrors (0ms)
			InitializePlatformSupportModulesInManaged (2ms)
			SetLoadedEditorAssemblies (4ms)
			BeforeProcessingInitializeOnLoad (100ms)
			ProcessInitializeOnLoadAttributes (263ms)
			ProcessInitializeOnLoadMethodAttributes (27ms)
			AfterProcessingInitializeOnLoad (3ms)
			EditorAssembliesLoaded (0ms)
		ExecutionOrderSort2 (0ms)
		AwakeInstancesAfterBackupRestoration (5ms)
Launched and connected shader compiler UnityShaderCompiler.exe after 0.02 seconds
Refreshing native plugins compatible for Editor in 0.88 ms, found 4 plugins.
Preloading 0 native plugins for Editor in 0.00 ms.
Unloading 16 Unused Serialized files (Serialized files now loaded: 0)
Unloading 5173 unused Assets / (1.9 MB). Loaded Objects now: 5653.
Memory consumption went from 104.6 MB to 102.8 MB.
Total: 9.348300 ms (FindLiveObjects: 0.784400 ms CreateObjectMapping: 0.518900 ms MarkObjects: 5.880500 ms  DeleteObjects: 2.161400 ms)

========================================================================
Received Import Request.
  Time since last request: 483413.859849 seconds.
  path: Assets/Sprites/Grass Tiles/Wall_Tiles_44.asset
  artifactKey: Guid(ca88ba79f73562c46bebddeea959c029) Importer(815301076,1909f56bfc062723c751e8b465ee728b)
Start importing Assets/Sprites/Grass Tiles/Wall_Tiles_44.asset using Guid(ca88ba79f73562c46bebddeea959c029) Importer(815301076,1909f56bfc062723c751e8b465ee728b) (PreviewImporter) -> (artifact id: '77b7c246fbfb7a5e35ffc2b8c1e7ba8b') in 0.1284377 seconds
Number of updated asset objects reloaded before import = 0Number of asset objects unloaded after import = 3

========================================================================
Received Import Request.
  Time since last request: 0.000029 seconds.
  path: Assets/Sprites/Grass Tiles/Wall_Tiles_33.asset
  artifactKey: Guid(880eff7298c326d44bc4f378c44fa72a) Importer(815301076,1909f56bfc062723c751e8b465ee728b)
Start importing Assets/Sprites/Grass Tiles/Wall_Tiles_33.asset using Guid(880eff7298c326d44bc4f378c44fa72a) Importer(815301076,1909f56bfc062723c751e8b465ee728b) (PreviewImporter) -> (artifact id: '66ae6f7f3e5b961db4c3d12e46a065a5') in 0.0288845 seconds
Number of updated asset objects reloaded before import = 0Number of asset objects unloaded after import = 3

========================================================================
Received Import Request.
  Time since last request: 0.000032 seconds.
  path: Assets/Sprites/Grass Tiles/Wall_Tiles_52.asset
  artifactKey: Guid(e6298527fc8cbf4498c201cdbc0e8117) Importer(815301076,1909f56bfc062723c751e8b465ee728b)
Start importing Assets/Sprites/Grass Tiles/Wall_Tiles_52.asset using Guid(e6298527fc8cbf4498c201cdbc0e8117) Importer(815301076,1909f56bfc062723c751e8b465ee728b) (PreviewImporter) -> (artifact id: '4983fd4c7c280c8d83757d301d964c54') in 0.0479392 seconds
Number of updated asset objects reloaded before import = 0Number of asset objects unloaded after import = 3

========================================================================
Received Import Request.
  Time since last request: 0.000031 seconds.
  path: Assets/Sprites/Grass Tiles/Wall_Tiles_16.asset
  artifactKey: Guid(412d0197911caf746b70ea263bec900b) Importer(815301076,1909f56bfc062723c751e8b465ee728b)
Start importing Assets/Sprites/Grass Tiles/Wall_Tiles_16.asset using Guid(412d0197911caf746b70ea263bec900b) Importer(815301076,1909f56bfc062723c751e8b465ee728b) (PreviewImporter) -> (artifact id: '7f3b5d6991f06658a8ed1cbf65edc041') in 0.0281927 seconds
Number of updated asset objects reloaded before import = 0Number of asset objects unloaded after import = 3

========================================================================
Received Import Request.
  Time since last request: 0.000025 seconds.
  path: Assets/Sprites/Grass Tiles/Wall_Tiles_41.asset
  artifactKey: Guid(856c1101cb14c4e40a6894c83748e214) Importer(815301076,1909f56bfc062723c751e8b465ee728b)
Start importing Assets/Sprites/Grass Tiles/Wall_Tiles_41.asset using Guid(856c1101cb14c4e40a6894c83748e214) Importer(815301076,1909f56bfc062723c751e8b465ee728b) (PreviewImporter) -> (artifact id: 'da0c7a4f8c0c1fd615a7f48868141ab9') in 0.0163203 seconds
Number of updated asset objects reloaded before import = 0Number of asset objects unloaded after import = 3

========================================================================
Received Import Request.
  Time since last request: 0.000022 seconds.
  path: Assets/Sprites/Grass Tiles/Wall_Tiles_29.asset
  artifactKey: Guid(0858002c385d9e14dbe53158c4dd9a57) Importer(815301076,1909f56bfc062723c751e8b465ee728b)
Start importing Assets/Sprites/Grass Tiles/Wall_Tiles_29.asset using Guid(0858002c385d9e14dbe53158c4dd9a57) Importer(815301076,1909f56bfc062723c751e8b465ee728b) (PreviewImporter) -> (artifact id: '5f20d22ac4d9019a77fe9e4bb19965d6') in 0.0216715 seconds
Number of updated asset objects reloaded before import = 0Number of asset objects unloaded after import = 3

========================================================================
Received Import Request.
  Time since last request: 0.000022 seconds.
  path: Assets/Sprites/Grass Tiles/Wall_Tiles_51.asset
  artifactKey: Guid(486c830e2922ede4ba851b6c3fe6a6ea) Importer(815301076,1909f56bfc062723c751e8b465ee728b)
Start importing Assets/Sprites/Grass Tiles/Wall_Tiles_51.asset using Guid(486c830e2922ede4ba851b6c3fe6a6ea) Importer(815301076,1909f56bfc062723c751e8b465ee728b) (PreviewImporter) -> (artifact id: '71267c6e9eb796a0808c05af3e80c7a5') in 0.0164937 seconds
Number of updated asset objects reloaded before import = 0Number of asset objects unloaded after import = 3

========================================================================
Received Import Request.
  Time since last request: 0.000030 seconds.
  path: Assets/Sprites/Grass Tiles/Vegetation_282.asset
  artifactKey: Guid(ef32ceb2b48bb924896caa02fb400e11) Importer(815301076,1909f56bfc062723c751e8b465ee728b)
Start importing Assets/Sprites/Grass Tiles/Vegetation_282.asset using Guid(ef32ceb2b48bb924896caa02fb400e11) Importer(815301076,1909f56bfc062723c751e8b465ee728b) (PreviewImporter) -> (artifact id: '0ffa9e2161c777cf2ebaecc40f0fddef') in 0.0134046 seconds
Number of updated asset objects reloaded before import = 0Number of asset objects unloaded after import = 3

========================================================================
Received Import Request.
  Time since last request: 0.000032 seconds.
  path: Assets/Sprites/Grass Tiles/Wall_Tiles_2.asset
  artifactKey: Guid(d7edb0bac7117ec45ab97cdb0ce0b1fe) Importer(815301076,1909f56bfc062723c751e8b465ee728b)
Start importing Assets/Sprites/Grass Tiles/Wall_Tiles_2.asset using Guid(d7edb0bac7117ec45ab97cdb0ce0b1fe) Importer(815301076,1909f56bfc062723c751e8b465ee728b) (PreviewImporter) -> (artifact id: 'c217d5ebd1bd3513051ae99ecc2402a3') in 0.0181454 seconds
Number of updated asset objects reloaded before import = 0Number of asset objects unloaded after import = 3

========================================================================
Received Import Request.
  Time since last request: 0.000030 seconds.
  path: Assets/Sprites/Grass Tiles/Vegetation_293.asset
  artifactKey: Guid(a2f7e3706dbf61a4eac3c18b46e7a6be) Importer(815301076,1909f56bfc062723c751e8b465ee728b)
Start importing Assets/Sprites/Grass Tiles/Vegetation_293.asset using Guid(a2f7e3706dbf61a4eac3c18b46e7a6be) Importer(815301076,1909f56bfc062723c751e8b465ee728b) (PreviewImporter) -> (artifact id: 'a10a1995be16855d4fe949dba8d6a10c') in 0.0174222 seconds
Number of updated asset objects reloaded before import = 0Number of asset objects unloaded after import = 3

========================================================================
Received Import Request.
  Time since last request: 0.000028 seconds.
  path: Assets/Sprites/Grass Tiles/Vegetation_250.asset
  artifactKey: Guid(f7714ccc0f94de64ba846d6928d3d1ac) Importer(815301076,1909f56bfc062723c751e8b465ee728b)
Start importing Assets/Sprites/Grass Tiles/Vegetation_250.asset using Guid(f7714ccc0f94de64ba846d6928d3d1ac) Importer(815301076,1909f56bfc062723c751e8b465ee728b) (PreviewImporter) -> (artifact id: '3d236bd379ec63b41b3fab2ba0fcc508') in 0.0166093 seconds
Number of updated asset objects reloaded before import = 0Number of asset objects unloaded after import = 3

========================================================================
Received Import Request.
  Time since last request: 0.000027 seconds.
  path: Assets/Sprites/Grass Tiles/Vegetation_281.asset
  artifactKey: Guid(8711737ff37fdc341871e094f9417263) Importer(815301076,1909f56bfc062723c751e8b465ee728b)
Start importing Assets/Sprites/Grass Tiles/Vegetation_281.asset using Guid(8711737ff37fdc341871e094f9417263) Importer(815301076,1909f56bfc062723c751e8b465ee728b) (PreviewImporter) -> (artifact id: '4de2e296c1fd353f0a14eab2bc6519e6') in 0.0156772 seconds
Number of updated asset objects reloaded before import = 0Number of asset objects unloaded after import = 3

========================================================================
Received Import Request.
  Time since last request: 0.000028 seconds.
  path: Assets/Sprites/Grass Tiles/Vegetation_285.asset
  artifactKey: Guid(f15d5d8e626101149a6bae847021342e) Importer(815301076,1909f56bfc062723c751e8b465ee728b)
Start importing Assets/Sprites/Grass Tiles/Vegetation_285.asset using Guid(f15d5d8e626101149a6bae847021342e) Importer(815301076,1909f56bfc062723c751e8b465ee728b) (PreviewImporter) -> (artifact id: '3ac6f97eed29d9b70174d495f9c0d9c3') in 0.016227 seconds
Number of updated asset objects reloaded before import = 0Number of asset objects unloaded after import = 3

========================================================================
Received Import Request.
  Time since last request: 0.000037 seconds.
  path: Assets/Sprites/Grass Tiles/Vegetation_283.asset
  artifactKey: Guid(d75d10d456fd8714f85d7faccfff8f24) Importer(815301076,1909f56bfc062723c751e8b465ee728b)
Start importing Assets/Sprites/Grass Tiles/Vegetation_283.asset using Guid(d75d10d456fd8714f85d7faccfff8f24) Importer(815301076,1909f56bfc062723c751e8b465ee728b) (PreviewImporter) -> (artifact id: '20c402acd176fca1d08bfe60bd305339') in 0.015845 seconds
Number of updated asset objects reloaded before import = 0Number of asset objects unloaded after import = 3

========================================================================
Received Import Request.
  Time since last request: 0.000025 seconds.
  path: Assets/Sprites/Grass Tiles/Vegetation_275.asset
  artifactKey: Guid(bb332d80379f1f342b2a9365a6b43fee) Importer(815301076,1909f56bfc062723c751e8b465ee728b)
Start importing Assets/Sprites/Grass Tiles/Vegetation_275.asset using Guid(bb332d80379f1f342b2a9365a6b43fee) Importer(815301076,1909f56bfc062723c751e8b465ee728b) (PreviewImporter) -> (artifact id: '007667f8426b38af79f3a714da5ad183') in 0.0179946 seconds
Number of updated asset objects reloaded before import = 0Number of asset objects unloaded after import = 3

========================================================================
Received Import Request.
  Time since last request: 0.000028 seconds.
  path: Assets/Sprites/Grass Tiles/Vegetation_261.asset
  artifactKey: Guid(dc4da9ccac08562448b4fc2f1434b5b8) Importer(815301076,1909f56bfc062723c751e8b465ee728b)
Start importing Assets/Sprites/Grass Tiles/Vegetation_261.asset using Guid(dc4da9ccac08562448b4fc2f1434b5b8) Importer(815301076,1909f56bfc062723c751e8b465ee728b) (PreviewImporter) -> (artifact id: 'c7207acb63c77d59150aa9aa282c3e18') in 0.0168649 seconds
Number of updated asset objects reloaded before import = 0Number of asset objects unloaded after import = 3

========================================================================
Received Import Request.
  Time since last request: 0.591992 seconds.
  path: Assets/Sprites/Grass Tiles/Vegetation_235.asset
  artifactKey: Guid(5f4997aad29844e4d971c0676529cfcc) Importer(815301076,1909f56bfc062723c751e8b465ee728b)
Start importing Assets/Sprites/Grass Tiles/Vegetation_235.asset using Guid(5f4997aad29844e4d971c0676529cfcc) Importer(815301076,1909f56bfc062723c751e8b465ee728b) (PreviewImporter) -> (artifact id: '18a11ceaa653e450607674eeddd1119b') in 0.0182283 seconds
Number of updated asset objects reloaded before import = 0Number of asset objects unloaded after import = 3

========================================================================
Received Import Request.
  Time since last request: 0.000024 seconds.
  path: Assets/Sprites/Grass Tiles/Vegetation_241.asset
  artifactKey: Guid(475c00ebd6b5f4c42bae2449d04ea917) Importer(815301076,1909f56bfc062723c751e8b465ee728b)
Start importing Assets/Sprites/Grass Tiles/Vegetation_241.asset using Guid(475c00ebd6b5f4c42bae2449d04ea917) Importer(815301076,1909f56bfc062723c751e8b465ee728b) (PreviewImporter) -> (artifact id: '2ac066fc1899d752472a68ee555f0e9c') in 0.0154973 seconds
Number of updated asset objects reloaded before import = 0Number of asset objects unloaded after import = 3

========================================================================
Received Import Request.
  Time since last request: 0.000023 seconds.
  path: Assets/Sprites/Grass Tiles/Vegetation_243.asset
  artifactKey: Guid(8b212c48d70de2748a4889eb2a6d430a) Importer(815301076,1909f56bfc062723c751e8b465ee728b)
Start importing Assets/Sprites/Grass Tiles/Vegetation_243.asset using Guid(8b212c48d70de2748a4889eb2a6d430a) Importer(815301076,1909f56bfc062723c751e8b465ee728b) (PreviewImporter) -> (artifact id: 'f9c4468dd55716aa9dc14314266bd2e8') in 0.0163853 seconds
Number of updated asset objects reloaded before import = 0Number of asset objects unloaded after import = 3

========================================================================
Received Import Request.
  Time since last request: 0.000021 seconds.
  path: Assets/Sprites/Grass Tiles/Vegetation_212.asset
  artifactKey: Guid(c7f5052d16def3d47b77de4a7897750a) Importer(815301076,1909f56bfc062723c751e8b465ee728b)
Start importing Assets/Sprites/Grass Tiles/Vegetation_212.asset using Guid(c7f5052d16def3d47b77de4a7897750a) Importer(815301076,1909f56bfc062723c751e8b465ee728b) (PreviewImporter) -> (artifact id: 'c800a79033f84cac3782292f0170ac34') in 0.0170737 seconds
Number of updated asset objects reloaded before import = 0Number of asset objects unloaded after import = 3

========================================================================
Received Import Request.
  Time since last request: 0.000026 seconds.
  path: Assets/Sprites/Grass Tiles/Vegetation_216.asset
  artifactKey: Guid(4a83ed0a6c815884588eaa04e54eb475) Importer(815301076,1909f56bfc062723c751e8b465ee728b)
Start importing Assets/Sprites/Grass Tiles/Vegetation_216.asset using Guid(4a83ed0a6c815884588eaa04e54eb475) Importer(815301076,1909f56bfc062723c751e8b465ee728b) (PreviewImporter) -> (artifact id: '869139c4fccedbf60f8a7ece25be28f1') in 0.016623 seconds
Number of updated asset objects reloaded before import = 0Number of asset objects unloaded after import = 3

========================================================================
Received Import Request.
  Time since last request: 0.000024 seconds.
  path: Assets/Sprites/Grass Tiles/Vegetation_214.asset
  artifactKey: Guid(21995dd7344647a4d9c4fdba2ac2e965) Importer(815301076,1909f56bfc062723c751e8b465ee728b)
Start importing Assets/Sprites/Grass Tiles/Vegetation_214.asset using Guid(21995dd7344647a4d9c4fdba2ac2e965) Importer(815301076,1909f56bfc062723c751e8b465ee728b) (PreviewImporter) -> (artifact id: '3cc3c664d08a6b90c394b45d2d89bdd8') in 0.0173478 seconds
Number of updated asset objects reloaded before import = 0Number of asset objects unloaded after import = 3

========================================================================
Received Import Request.
  Time since last request: 0.000026 seconds.
  path: Assets/Sprites/Grass Tiles/Vegetation_211.asset
  artifactKey: Guid(bfe7f4b7e6488cb4e8e3553a44e50884) Importer(815301076,1909f56bfc062723c751e8b465ee728b)
Start importing Assets/Sprites/Grass Tiles/Vegetation_211.asset using Guid(bfe7f4b7e6488cb4e8e3553a44e50884) Importer(815301076,1909f56bfc062723c751e8b465ee728b) (PreviewImporter) -> (artifact id: '4a65eaaacdc47e65f9035ee71b8e56ab') in 0.0172014 seconds
Number of updated asset objects reloaded before import = 0Number of asset objects unloaded after import = 3

========================================================================
Received Import Request.
  Time since last request: 0.000019 seconds.
  path: Assets/Sprites/Grass Tiles/Vegetation_189.asset
  artifactKey: Guid(a45872bd4b900634e8d8481fd0c55d17) Importer(815301076,1909f56bfc062723c751e8b465ee728b)
Start importing Assets/Sprites/Grass Tiles/Vegetation_189.asset using Guid(a45872bd4b900634e8d8481fd0c55d17) Importer(815301076,1909f56bfc062723c751e8b465ee728b) (PreviewImporter) -> (artifact id: '09c0140b9b806ff35e9b617842a66fb0') in 0.0143949 seconds
Number of updated asset objects reloaded before import = 0Number of asset objects unloaded after import = 3

========================================================================
Received Import Request.
  Time since last request: 0.000023 seconds.
  path: Assets/Sprites/Grass Tiles/Vegetation_202.asset
  artifactKey: Guid(87945ad847054ea4cacb4936819bf48c) Importer(815301076,1909f56bfc062723c751e8b465ee728b)
Start importing Assets/Sprites/Grass Tiles/Vegetation_202.asset using Guid(87945ad847054ea4cacb4936819bf48c) Importer(815301076,1909f56bfc062723c751e8b465ee728b) (PreviewImporter) -> (artifact id: '02734aef7739f934cdd4480e97b9212a') in 0.013102 seconds
Number of updated asset objects reloaded before import = 0Number of asset objects unloaded after import = 3

========================================================================
Received Import Request.
  Time since last request: 0.000025 seconds.
  path: Assets/Sprites/Grass Tiles/Vegetation_209.asset
  artifactKey: Guid(af4a13a3942d1404ba739cd7ae399f45) Importer(815301076,1909f56bfc062723c751e8b465ee728b)
Start importing Assets/Sprites/Grass Tiles/Vegetation_209.asset using Guid(af4a13a3942d1404ba739cd7ae399f45) Importer(815301076,1909f56bfc062723c751e8b465ee728b) (PreviewImporter) -> (artifact id: '1a1ff0b80bc567570ab5a873a1dc489a') in 0.0148121 seconds
Number of updated asset objects reloaded before import = 0Number of asset objects unloaded after import = 3

========================================================================
Received Import Request.
  Time since last request: 0.000022 seconds.
  path: Assets/Sprites/Grass Tiles/Vegetation_201.asset
  artifactKey: Guid(cb7c86c183a93064c8aa533a9865608c) Importer(815301076,1909f56bfc062723c751e8b465ee728b)
Start importing Assets/Sprites/Grass Tiles/Vegetation_201.asset using Guid(cb7c86c183a93064c8aa533a9865608c) Importer(815301076,1909f56bfc062723c751e8b465ee728b) (PreviewImporter) -> (artifact id: '4809f1fdb4d4228326f5653b7451ddfc') in 0.0185987 seconds
Number of updated asset objects reloaded before import = 0Number of asset objects unloaded after import = 3

========================================================================
Received Import Request.
  Time since last request: 0.241203 seconds.
  path: Assets/Sprites/Grass Tiles/Vegetation_170.asset
  artifactKey: Guid(8771dce73527d1c40881582436a58b74) Importer(815301076,1909f56bfc062723c751e8b465ee728b)
Start importing Assets/Sprites/Grass Tiles/Vegetation_170.asset using Guid(8771dce73527d1c40881582436a58b74) Importer(815301076,1909f56bfc062723c751e8b465ee728b) (PreviewImporter) -> (artifact id: '0347152dc773f9fbb2acd86b771c0ec5') in 0.0154836 seconds
Number of updated asset objects reloaded before import = 0Number of asset objects unloaded after import = 3

========================================================================
Received Import Request.
  Time since last request: 0.000020 seconds.
  path: Assets/Sprites/Grass Tiles/Vegetation_158.asset
  artifactKey: Guid(4274ee6eece842c4795a48729a82e1e0) Importer(815301076,1909f56bfc062723c751e8b465ee728b)
Start importing Assets/Sprites/Grass Tiles/Vegetation_158.asset using Guid(4274ee6eece842c4795a48729a82e1e0) Importer(815301076,1909f56bfc062723c751e8b465ee728b) (PreviewImporter) -> (artifact id: '44276919ec8a01e0774ba055d0eada1c') in 0.0160713 seconds
Number of updated asset objects reloaded before import = 0Number of asset objects unloaded after import = 3

========================================================================
Received Import Request.
  Time since last request: 0.000026 seconds.
  path: Assets/Sprites/Grass Tiles/Vegetation_159.asset
  artifactKey: Guid(b4af0128f5c394f43838c51d58daaf18) Importer(815301076,1909f56bfc062723c751e8b465ee728b)
Start importing Assets/Sprites/Grass Tiles/Vegetation_159.asset using Guid(b4af0128f5c394f43838c51d58daaf18) Importer(815301076,1909f56bfc062723c751e8b465ee728b) (PreviewImporter) -> (artifact id: '149b0fe713814ea39644fdece40be269') in 0.0139918 seconds
Number of updated asset objects reloaded before import = 0Number of asset objects unloaded after import = 3

========================================================================
Received Import Request.
  Time since last request: 0.000036 seconds.
  path: Assets/Sprites/Grass Tiles/Vegetation_163.asset
  artifactKey: Guid(ee4e5d03bc2c308459c0806d2bf0113b) Importer(815301076,1909f56bfc062723c751e8b465ee728b)
Start importing Assets/Sprites/Grass Tiles/Vegetation_163.asset using Guid(ee4e5d03bc2c308459c0806d2bf0113b) Importer(815301076,1909f56bfc062723c751e8b465ee728b) (PreviewImporter) -> (artifact id: 'a16ac828a88151aaa592b2d5dfc240f8') in 0.0214555 seconds
Number of updated asset objects reloaded before import = 0Number of asset objects unloaded after import = 3

========================================================================
Received Import Request.
  Time since last request: 0.000021 seconds.
  path: Assets/Sprites/Grass Tiles/Vegetation_143.asset
  artifactKey: Guid(04a265e8baabbfb4d8045c566215054d) Importer(815301076,1909f56bfc062723c751e8b465ee728b)
Start importing Assets/Sprites/Grass Tiles/Vegetation_143.asset using Guid(04a265e8baabbfb4d8045c566215054d) Importer(815301076,1909f56bfc062723c751e8b465ee728b) (PreviewImporter) -> (artifact id: '7ddb43ef5b13d32a43b512d19e7016a3') in 0.0178732 seconds
Number of updated asset objects reloaded before import = 0Number of asset objects unloaded after import = 3

========================================================================
Received Import Request.
  Time since last request: 0.000021 seconds.
  path: Assets/Sprites/Grass Tiles/Vegetation_150.asset
  artifactKey: Guid(b8706b69d36214c4a8d16e2b1e0dec4d) Importer(815301076,1909f56bfc062723c751e8b465ee728b)
Start importing Assets/Sprites/Grass Tiles/Vegetation_150.asset using Guid(b8706b69d36214c4a8d16e2b1e0dec4d) Importer(815301076,1909f56bfc062723c751e8b465ee728b) (PreviewImporter) -> (artifact id: 'b3bb0c52ef8b40af82e623af5b1625ad') in 0.0161051 seconds
Number of updated asset objects reloaded before import = 0Number of asset objects unloaded after import = 3

========================================================================
Received Import Request.
  Time since last request: 0.117539 seconds.
  path: Assets/Sprites/Grass Tiles/Vegetation_131.asset
  artifactKey: Guid(f97cf9167d06b994dbdbfbe4c7d6025f) Importer(815301076,1909f56bfc062723c751e8b465ee728b)
Start importing Assets/Sprites/Grass Tiles/Vegetation_131.asset using Guid(f97cf9167d06b994dbdbfbe4c7d6025f) Importer(815301076,1909f56bfc062723c751e8b465ee728b) (PreviewImporter) -> (artifact id: 'b51209b0183c11f582cc19e9076cb69b') in 0.0174279 seconds
Number of updated asset objects reloaded before import = 0Number of asset objects unloaded after import = 3

========================================================================
Received Import Request.
  Time since last request: 0.000019 seconds.
  path: Assets/Sprites/Grass Tiles/Vegetation_117.asset
  artifactKey: Guid(4061bb59557aa044ca4a839bd9d0dacf) Importer(815301076,1909f56bfc062723c751e8b465ee728b)
Start importing Assets/Sprites/Grass Tiles/Vegetation_117.asset using Guid(4061bb59557aa044ca4a839bd9d0dacf) Importer(815301076,1909f56bfc062723c751e8b465ee728b) (PreviewImporter) -> (artifact id: '65bcc1477384959c5cdb921f26b30cf5') in 0.0187476 seconds
Number of updated asset objects reloaded before import = 0Number of asset objects unloaded after import = 3

========================================================================
Received Import Request.
  Time since last request: 0.000024 seconds.
  path: Assets/Sprites/Grass Tiles/Vegetation_113.asset
  artifactKey: Guid(b0c2fea5e1a0e8a40a5932d4359c067e) Importer(815301076,1909f56bfc062723c751e8b465ee728b)
Start importing Assets/Sprites/Grass Tiles/Vegetation_113.asset using Guid(b0c2fea5e1a0e8a40a5932d4359c067e) Importer(815301076,1909f56bfc062723c751e8b465ee728b) (PreviewImporter) -> (artifact id: '3acd98bb782ec1881c305ffe8f31fe95') in 0.0164578 seconds
Number of updated asset objects reloaded before import = 0Number of asset objects unloaded after import = 3

========================================================================
Received Import Request.
  Time since last request: 0.000021 seconds.
  path: Assets/Sprites/Grass Tiles/Vegetation_114.asset
  artifactKey: Guid(f0dfdef7cf6de1349ae44362351273d0) Importer(815301076,1909f56bfc062723c751e8b465ee728b)
Start importing Assets/Sprites/Grass Tiles/Vegetation_114.asset using Guid(f0dfdef7cf6de1349ae44362351273d0) Importer(815301076,1909f56bfc062723c751e8b465ee728b) (PreviewImporter) -> (artifact id: 'bcfcd80eec0defaafc46089952721dd7') in 0.0174011 seconds
Number of updated asset objects reloaded before import = 0Number of asset objects unloaded after import = 3

========================================================================
Received Import Request.
  Time since last request: 0.000029 seconds.
  path: Assets/Sprites/Grass Tiles/Vegetation_102.asset
  artifactKey: Guid(b35ab353add869a418a962267941bc73) Importer(815301076,1909f56bfc062723c751e8b465ee728b)
Start importing Assets/Sprites/Grass Tiles/Vegetation_102.asset using Guid(b35ab353add869a418a962267941bc73) Importer(815301076,1909f56bfc062723c751e8b465ee728b) (PreviewImporter) -> (artifact id: 'd42e5629acc8f2c41be9f41ddd263340') in 0.0172291 seconds
Number of updated asset objects reloaded before import = 0Number of asset objects unloaded after import = 3

========================================================================
Received Import Request.
  Time since last request: 0.000023 seconds.
  path: Assets/Sprites/Grass Tiles/Vegetation_95.asset
  artifactKey: Guid(c43cc4292d8392f4ebed03aef83a1f87) Importer(815301076,1909f56bfc062723c751e8b465ee728b)
Start importing Assets/Sprites/Grass Tiles/Vegetation_95.asset using Guid(c43cc4292d8392f4ebed03aef83a1f87) Importer(815301076,1909f56bfc062723c751e8b465ee728b) (PreviewImporter) -> (artifact id: 'd45e781e65e3bcc2366959158609a3d4') in 0.0179875 seconds
Number of updated asset objects reloaded before import = 0Number of asset objects unloaded after import = 3

========================================================================
Received Import Request.
  Time since last request: 0.000026 seconds.
  path: Assets/Sprites/Grass Tiles/Vegetation_88.asset
  artifactKey: Guid(55a7e83ad1cb7904fb862aef702750c3) Importer(815301076,1909f56bfc062723c751e8b465ee728b)
Start importing Assets/Sprites/Grass Tiles/Vegetation_88.asset using Guid(55a7e83ad1cb7904fb862aef702750c3) Importer(815301076,1909f56bfc062723c751e8b465ee728b) (PreviewImporter) -> (artifact id: 'a53e970a8ba89c761f496f76ca80ce21') in 0.018717 seconds
Number of updated asset objects reloaded before import = 0Number of asset objects unloaded after import = 3

========================================================================
Received Import Request.
  Time since last request: 0.000045 seconds.
  path: Assets/Sprites/Grass Tiles/Vegetation_84.asset
  artifactKey: Guid(a2b7402e4f762c84db6278030a87e08a) Importer(815301076,1909f56bfc062723c751e8b465ee728b)
Start importing Assets/Sprites/Grass Tiles/Vegetation_84.asset using Guid(a2b7402e4f762c84db6278030a87e08a) Importer(815301076,1909f56bfc062723c751e8b465ee728b) (PreviewImporter) -> (artifact id: 'd4811f4d591ad4c46db03bc507838f20') in 0.0167751 seconds
Number of updated asset objects reloaded before import = 0Number of asset objects unloaded after import = 3

========================================================================
Received Import Request.
  Time since last request: 0.000033 seconds.
  path: Assets/Sprites/Grass Tiles/Vegetation_78.asset
  artifactKey: Guid(8a01136ca1ff40441b537480b15b2a29) Importer(815301076,1909f56bfc062723c751e8b465ee728b)
Start importing Assets/Sprites/Grass Tiles/Vegetation_78.asset using Guid(8a01136ca1ff40441b537480b15b2a29) Importer(815301076,1909f56bfc062723c751e8b465ee728b) (PreviewImporter) -> (artifact id: '6a2b53445f988809a63e550fcb0bc1e9') in 0.0165968 seconds
Number of updated asset objects reloaded before import = 0Number of asset objects unloaded after import = 3

========================================================================
Received Import Request.
  Time since last request: 0.000055 seconds.
  path: Assets/Sprites/Grass Tiles/Vegetation_112.asset
  artifactKey: Guid(46dfe93c0a8959049a451776781c74bb) Importer(815301076,1909f56bfc062723c751e8b465ee728b)
Start importing Assets/Sprites/Grass Tiles/Vegetation_112.asset using Guid(46dfe93c0a8959049a451776781c74bb) Importer(815301076,1909f56bfc062723c751e8b465ee728b) (PreviewImporter) -> (artifact id: '2c16fa275c65c85cfebd5d3fd31c5e71') in 0.0164993 seconds
Number of updated asset objects reloaded before import = 0Number of asset objects unloaded after import = 3

========================================================================
Received Import Request.
  Time since last request: 0.046284 seconds.
  path: Assets/Sprites/Grass Tiles/Vegetation_66.asset
  artifactKey: Guid(0ec213f6031f0b149a14dd9cef96fd65) Importer(815301076,1909f56bfc062723c751e8b465ee728b)
Start importing Assets/Sprites/Grass Tiles/Vegetation_66.asset using Guid(0ec213f6031f0b149a14dd9cef96fd65) Importer(815301076,1909f56bfc062723c751e8b465ee728b) (PreviewImporter) -> (artifact id: 'fafce99521f94028ff71110ad7222a47') in 0.0173343 seconds
Number of updated asset objects reloaded before import = 0Number of asset objects unloaded after import = 3

========================================================================
Received Import Request.
  Time since last request: 0.000032 seconds.
  path: Assets/Sprites/Grass Tiles/Vegetation_73.asset
  artifactKey: Guid(d2c78f8be72a3dc4b939744c9b406f95) Importer(815301076,1909f56bfc062723c751e8b465ee728b)
Start importing Assets/Sprites/Grass Tiles/Vegetation_73.asset using Guid(d2c78f8be72a3dc4b939744c9b406f95) Importer(815301076,1909f56bfc062723c751e8b465ee728b) (PreviewImporter) -> (artifact id: '5de4a6cce5a1dfa0da6bebf6d9bac952') in 0.0168515 seconds
Number of updated asset objects reloaded before import = 0Number of asset objects unloaded after import = 3

========================================================================
Received Import Request.
  Time since last request: 0.000025 seconds.
  path: Assets/Sprites/Grass Tiles/Vegetation_57.asset
  artifactKey: Guid(a77b50bb84f7ebc4197af3f2f8bffd2a) Importer(815301076,1909f56bfc062723c751e8b465ee728b)
Start importing Assets/Sprites/Grass Tiles/Vegetation_57.asset using Guid(a77b50bb84f7ebc4197af3f2f8bffd2a) Importer(815301076,1909f56bfc062723c751e8b465ee728b) (PreviewImporter) -> (artifact id: '4aef71d8734c2e1a15e155f961b95747') in 0.0186944 seconds
Number of updated asset objects reloaded before import = 0Number of asset objects unloaded after import = 3

========================================================================
Received Import Request.
  Time since last request: 0.000029 seconds.
  path: Assets/Sprites/Grass Tiles/Vegetation_28.asset
  artifactKey: Guid(5c0234539d4d7b648854064994f741b3) Importer(815301076,1909f56bfc062723c751e8b465ee728b)
Start importing Assets/Sprites/Grass Tiles/Vegetation_28.asset using Guid(5c0234539d4d7b648854064994f741b3) Importer(815301076,1909f56bfc062723c751e8b465ee728b) (PreviewImporter) -> (artifact id: '8609059efe69acf80765cf4dcba4271a') in 0.0192835 seconds
Number of updated asset objects reloaded before import = 0Number of asset objects unloaded after import = 3

========================================================================
Received Import Request.
  Time since last request: 0.000026 seconds.
  path: Assets/Sprites/Grass Tiles/Vegetation_49.asset
  artifactKey: Guid(cdbeed985e8a7f1468b3b62050812998) Importer(815301076,1909f56bfc062723c751e8b465ee728b)
Start importing Assets/Sprites/Grass Tiles/Vegetation_49.asset using Guid(cdbeed985e8a7f1468b3b62050812998) Importer(815301076,1909f56bfc062723c751e8b465ee728b) (PreviewImporter) -> (artifact id: '98f8f4ac81eddf8be4af37df1e7bccad') in 0.0196849 seconds
Number of updated asset objects reloaded before import = 0Number of asset objects unloaded after import = 3

========================================================================
Received Import Request.
  Time since last request: 0.000037 seconds.
  path: Assets/Sprites/Grass Tiles/Vegetation_39.asset
  artifactKey: Guid(6c4ef1f0448699d4584219b0752a58a4) Importer(815301076,1909f56bfc062723c751e8b465ee728b)
Start importing Assets/Sprites/Grass Tiles/Vegetation_39.asset using Guid(6c4ef1f0448699d4584219b0752a58a4) Importer(815301076,1909f56bfc062723c751e8b465ee728b) (PreviewImporter) -> (artifact id: '15447b7e270f3d8a964cedd9828f3a34') in 0.0125431 seconds
Number of updated asset objects reloaded before import = 0Number of asset objects unloaded after import = 3

========================================================================
Received Import Request.
  Time since last request: 0.000026 seconds.
  path: Assets/Sprites/Grass Tiles/Vegetation_43.asset
  artifactKey: Guid(a512cdaf9ecbaba4bb59576a87e295d6) Importer(815301076,1909f56bfc062723c751e8b465ee728b)
Start importing Assets/Sprites/Grass Tiles/Vegetation_43.asset using Guid(a512cdaf9ecbaba4bb59576a87e295d6) Importer(815301076,1909f56bfc062723c751e8b465ee728b) (PreviewImporter) -> (artifact id: 'e5baf38bc01aa86d0cfac157c5abfa7f') in 0.0163064 seconds
Number of updated asset objects reloaded before import = 0Number of asset objects unloaded after import = 3

========================================================================
Received Import Request.
  Time since last request: 0.000027 seconds.
  path: Assets/Sprites/Grass Tiles/Vegetation_36.asset
  artifactKey: Guid(72ccb0110170e2c479fa97c8fef0c42c) Importer(815301076,1909f56bfc062723c751e8b465ee728b)
Start importing Assets/Sprites/Grass Tiles/Vegetation_36.asset using Guid(72ccb0110170e2c479fa97c8fef0c42c) Importer(815301076,1909f56bfc062723c751e8b465ee728b) (PreviewImporter) -> (artifact id: 'f2a402e9acebaaaec6790a87fce3e800') in 0.0089347 seconds
Number of updated asset objects reloaded before import = 0Number of asset objects unloaded after import = 3

========================================================================
Received Import Request.
  Time since last request: 0.000031 seconds.
  path: Assets/Sprites/Grass Tiles/Vegetation_30.asset
  artifactKey: Guid(a0a293dc3389a484f8234c84e91c1674) Importer(815301076,1909f56bfc062723c751e8b465ee728b)
Start importing Assets/Sprites/Grass Tiles/Vegetation_30.asset using Guid(a0a293dc3389a484f8234c84e91c1674) Importer(815301076,1909f56bfc062723c751e8b465ee728b) (PreviewImporter) -> (artifact id: '68369a7f1b178882532bb2ee885dc5f8') in 0.0175157 seconds
Number of updated asset objects reloaded before import = 0Number of asset objects unloaded after import = 3

========================================================================
Received Import Request.
  Time since last request: 0.090619 seconds.
  path: Assets/Sprites/Grass Tiles/Vegetation_14.asset
  artifactKey: Guid(df844cc77a1698e42a518a08ede73de5) Importer(815301076,1909f56bfc062723c751e8b465ee728b)
Start importing Assets/Sprites/Grass Tiles/Vegetation_14.asset using Guid(df844cc77a1698e42a518a08ede73de5) Importer(815301076,1909f56bfc062723c751e8b465ee728b) (PreviewImporter) -> (artifact id: '7d9617eaeb5039007fc92a94b1cfedb7') in 0.0175036 seconds
Number of updated asset objects reloaded before import = 0Number of asset objects unloaded after import = 3

========================================================================
Received Import Request.
  Time since last request: 0.000022 seconds.
  path: Assets/Sprites/Grass Tiles/Vegetation_3.asset
  artifactKey: Guid(163061f960813df42914f86efab9364c) Importer(815301076,1909f56bfc062723c751e8b465ee728b)
Start importing Assets/Sprites/Grass Tiles/Vegetation_3.asset using Guid(163061f960813df42914f86efab9364c) Importer(815301076,1909f56bfc062723c751e8b465ee728b) (PreviewImporter) -> (artifact id: '4d1d8988b9a1783a1abbaacc95aef598') in 0.0184456 seconds
Number of updated asset objects reloaded before import = 0Number of asset objects unloaded after import = 3

========================================================================
Received Import Request.
  Time since last request: 0.000032 seconds.
  path: Assets/Sprites/Grass Tiles/Vegetation_1.asset
  artifactKey: Guid(03ef1689cf30ef5478f84aa96ddb557b) Importer(815301076,1909f56bfc062723c751e8b465ee728b)
Start importing Assets/Sprites/Grass Tiles/Vegetation_1.asset using Guid(03ef1689cf30ef5478f84aa96ddb557b) Importer(815301076,1909f56bfc062723c751e8b465ee728b) (PreviewImporter) -> (artifact id: '37ed5aaa2af25cb81232cf842fe590b2') in 0.0191842 seconds
Number of updated asset objects reloaded before import = 0Number of asset objects unloaded after import = 3

========================================================================
Received Import Request.
  Time since last request: 0.000028 seconds.
  path: Assets/Sprites/Grass Tiles/Floors_Tiles_248.asset
  artifactKey: Guid(6fe0f45772d00fe42be0cd3d1b46f860) Importer(815301076,1909f56bfc062723c751e8b465ee728b)
Start importing Assets/Sprites/Grass Tiles/Floors_Tiles_248.asset using Guid(6fe0f45772d00fe42be0cd3d1b46f860) Importer(815301076,1909f56bfc062723c751e8b465ee728b) (PreviewImporter) -> (artifact id: 'e37370b556d2c1ea980bf0b6091dce4a') in 0.0181087 seconds
Number of updated asset objects reloaded before import = 0Number of asset objects unloaded after import = 3

========================================================================
Received Import Request.
  Time since last request: 0.000028 seconds.
  path: Assets/Sprites/Grass Tiles/Floors_Tiles_235.asset
  artifactKey: Guid(c5e1ea127f9d29341b0f341f4ff08016) Importer(815301076,1909f56bfc062723c751e8b465ee728b)
Start importing Assets/Sprites/Grass Tiles/Floors_Tiles_235.asset using Guid(c5e1ea127f9d29341b0f341f4ff08016) Importer(815301076,1909f56bfc062723c751e8b465ee728b) (PreviewImporter) -> (artifact id: 'e32834d6d3ba86d254351385c5faff38') in 0.0211877 seconds
Number of updated asset objects reloaded before import = 0Number of asset objects unloaded after import = 3

========================================================================
Received Import Request.
  Time since last request: 0.000020 seconds.
  path: Assets/Sprites/Grass Tiles/Floors_Tiles_222.asset
  artifactKey: Guid(385219a07fd24be4d9b014939076f849) Importer(815301076,1909f56bfc062723c751e8b465ee728b)
Start importing Assets/Sprites/Grass Tiles/Floors_Tiles_222.asset using Guid(385219a07fd24be4d9b014939076f849) Importer(815301076,1909f56bfc062723c751e8b465ee728b) (PreviewImporter) -> (artifact id: '299a3b5e3988240cf80510c442a79321') in 0.0162758 seconds
Number of updated asset objects reloaded before import = 0Number of asset objects unloaded after import = 3

========================================================================
Received Import Request.
  Time since last request: 0.000036 seconds.
  path: Assets/Sprites/Grass Tiles/Floors_Tiles_243.asset
  artifactKey: Guid(eba0869822c556047ade7acc7537b778) Importer(815301076,1909f56bfc062723c751e8b465ee728b)
Start importing Assets/Sprites/Grass Tiles/Floors_Tiles_243.asset using Guid(eba0869822c556047ade7acc7537b778) Importer(815301076,1909f56bfc062723c751e8b465ee728b) (PreviewImporter) -> (artifact id: 'f4f3bd17b9f8fe36fe8db5c49a338e65') in 0.0183094 seconds
Number of updated asset objects reloaded before import = 0Number of asset objects unloaded after import = 3

========================================================================
Received Import Request.
  Time since last request: 0.000032 seconds.
  path: Assets/Sprites/Grass Tiles/Floors_Tiles_221.asset
  artifactKey: Guid(09358925109b240439737f991f9e44f9) Importer(815301076,1909f56bfc062723c751e8b465ee728b)
Start importing Assets/Sprites/Grass Tiles/Floors_Tiles_221.asset using Guid(09358925109b240439737f991f9e44f9) Importer(815301076,1909f56bfc062723c751e8b465ee728b) (PreviewImporter) -> (artifact id: '969cbac0375b142f8f70d2b6a3ab2c2d') in 0.0179803 seconds
Number of updated asset objects reloaded before import = 0Number of asset objects unloaded after import = 3

========================================================================
Received Import Request.
  Time since last request: 0.000028 seconds.
  path: Assets/Sprites/Grass Tiles/Vegetation_20.asset
  artifactKey: Guid(e2da5646edb600b46b92e1e4fcb60bb2) Importer(815301076,1909f56bfc062723c751e8b465ee728b)
Start importing Assets/Sprites/Grass Tiles/Vegetation_20.asset using Guid(e2da5646edb600b46b92e1e4fcb60bb2) Importer(815301076,1909f56bfc062723c751e8b465ee728b) (PreviewImporter) -> (artifact id: '37d6aef49210d6849174510de81e0ed9') in 0.0168804 seconds
Number of updated asset objects reloaded before import = 0Number of asset objects unloaded after import = 3

========================================================================
Received Import Request.
  Time since last request: 0.000027 seconds.
  path: Assets/Sprites/Grass Tiles/Vegetation_11.asset
  artifactKey: Guid(f3b0ccbfc11b2ec44ae50de0ef3873f7) Importer(815301076,1909f56bfc062723c751e8b465ee728b)
Start importing Assets/Sprites/Grass Tiles/Vegetation_11.asset using Guid(f3b0ccbfc11b2ec44ae50de0ef3873f7) Importer(815301076,1909f56bfc062723c751e8b465ee728b) (PreviewImporter) -> (artifact id: 'f1c3fbb3db9955507e3e86693841e2be') in 0.0189323 seconds
Number of updated asset objects reloaded before import = 0Number of asset objects unloaded after import = 3

========================================================================
Received Import Request.
  Time since last request: 0.047671 seconds.
  path: Assets/Sprites/Grass Tiles/Floors_Tiles_209.asset
  artifactKey: Guid(3b09260fb2524ba439d0fcec05c04457) Importer(815301076,1909f56bfc062723c751e8b465ee728b)
Start importing Assets/Sprites/Grass Tiles/Floors_Tiles_209.asset using Guid(3b09260fb2524ba439d0fcec05c04457) Importer(815301076,1909f56bfc062723c751e8b465ee728b) (PreviewImporter) -> (artifact id: '69cf32ea385521387f1a8ed926d38753') in 0.0164077 seconds
Number of updated asset objects reloaded before import = 0Number of asset objects unloaded after import = 3

========================================================================
Received Import Request.
  Time since last request: 0.000019 seconds.
  path: Assets/Sprites/Grass Tiles/Floors_Tiles_217.asset
  artifactKey: Guid(cf7439e513da6484ebf095fa179bbf1e) Importer(815301076,1909f56bfc062723c751e8b465ee728b)
Start importing Assets/Sprites/Grass Tiles/Floors_Tiles_217.asset using Guid(cf7439e513da6484ebf095fa179bbf1e) Importer(815301076,1909f56bfc062723c751e8b465ee728b) (PreviewImporter) -> (artifact id: 'a39ae6ccf1ba09c1200772d1341f74a1') in 0.0187099 seconds
Number of updated asset objects reloaded before import = 0Number of asset objects unloaded after import = 3

========================================================================
Received Import Request.
  Time since last request: 0.000034 seconds.
  path: Assets/Sprites/Grass Tiles/Floors_Tiles_204.asset
  artifactKey: Guid(a7af9375636147e4b806679025a0025e) Importer(815301076,1909f56bfc062723c751e8b465ee728b)
Start importing Assets/Sprites/Grass Tiles/Floors_Tiles_204.asset using Guid(a7af9375636147e4b806679025a0025e) Importer(815301076,1909f56bfc062723c751e8b465ee728b) (PreviewImporter) -> (artifact id: 'aef5f0c58bd08d205a81c2f4c8272448') in 0.0195599 seconds
Number of updated asset objects reloaded before import = 0Number of asset objects unloaded after import = 3

========================================================================
Received Import Request.
  Time since last request: 0.000035 seconds.
  path: Assets/Sprites/Grass Tiles/Floors_Tiles_157.asset
  artifactKey: Guid(3c72875fa6c8c9c448497faa5b1c192a) Importer(815301076,1909f56bfc062723c751e8b465ee728b)
Start importing Assets/Sprites/Grass Tiles/Floors_Tiles_157.asset using Guid(3c72875fa6c8c9c448497faa5b1c192a) Importer(815301076,1909f56bfc062723c751e8b465ee728b) (PreviewImporter) -> (artifact id: '7894e0be0d699e0ba00ed5a2e2a31db0') in 0.008629 seconds
Number of updated asset objects reloaded before import = 0Number of asset objects unloaded after import = 3

========================================================================
Received Import Request.
  Time since last request: 0.000032 seconds.
  path: Assets/Sprites/Grass Tiles/Floors_Tiles_160.asset
  artifactKey: Guid(aadeee7878e3262428503b4ebc27d0ac) Importer(815301076,1909f56bfc062723c751e8b465ee728b)
Start importing Assets/Sprites/Grass Tiles/Floors_Tiles_160.asset using Guid(aadeee7878e3262428503b4ebc27d0ac) Importer(815301076,1909f56bfc062723c751e8b465ee728b) (PreviewImporter) -> (artifact id: '81fc0640f588b707294770bdfa674e79') in 0.0165964 seconds
Number of updated asset objects reloaded before import = 0Number of asset objects unloaded after import = 3

========================================================================
Received Import Request.
  Time since last request: 0.000021 seconds.
  path: Assets/Sprites/Grass Tiles/Floors_Tiles_184.asset
  artifactKey: Guid(300ca108ddbe69642b262879ab48b11e) Importer(815301076,1909f56bfc062723c751e8b465ee728b)
Start importing Assets/Sprites/Grass Tiles/Floors_Tiles_184.asset using Guid(300ca108ddbe69642b262879ab48b11e) Importer(815301076,1909f56bfc062723c751e8b465ee728b) (PreviewImporter) -> (artifact id: '0aba1b82a4c3e0b0e5c449ded7373d0f') in 0.0204749 seconds
Number of updated asset objects reloaded before import = 0Number of asset objects unloaded after import = 3

========================================================================
Received Import Request.
  Time since last request: 0.000032 seconds.
  path: Assets/Sprites/Grass Tiles/Floors_Tiles_190.asset
  artifactKey: Guid(7002ff6cf6300f84399bacd13a38b3c4) Importer(815301076,1909f56bfc062723c751e8b465ee728b)
Start importing Assets/Sprites/Grass Tiles/Floors_Tiles_190.asset using Guid(7002ff6cf6300f84399bacd13a38b3c4) Importer(815301076,1909f56bfc062723c751e8b465ee728b) (PreviewImporter) -> (artifact id: 'ed69f6080b2cc3dd51298f3a7c82c3a1') in 0.0093052 seconds
Number of updated asset objects reloaded before import = 0Number of asset objects unloaded after import = 3

========================================================================
Received Import Request.
  Time since last request: 0.000048 seconds.
  path: Assets/Sprites/Grass Tiles/Floors_Tiles_194.asset
  artifactKey: Guid(5aa0e81d3da713347b20514ca3b7d418) Importer(815301076,1909f56bfc062723c751e8b465ee728b)
Start importing Assets/Sprites/Grass Tiles/Floors_Tiles_194.asset using Guid(5aa0e81d3da713347b20514ca3b7d418) Importer(815301076,1909f56bfc062723c751e8b465ee728b) (PreviewImporter) -> (artifact id: '097a63d2cc27ab01410c824c45efac86') in 0.0081959 seconds
Number of updated asset objects reloaded before import = 0Number of asset objects unloaded after import = 3

========================================================================
Received Import Request.
  Time since last request: 0.000021 seconds.
  path: Assets/Sprites/Grass Tiles/Floors_Tiles_162.asset
  artifactKey: Guid(b9a27a1188f3ae64bac5eb38854c2dce) Importer(815301076,1909f56bfc062723c751e8b465ee728b)
Start importing Assets/Sprites/Grass Tiles/Floors_Tiles_162.asset using Guid(b9a27a1188f3ae64bac5eb38854c2dce) Importer(815301076,1909f56bfc062723c751e8b465ee728b) (PreviewImporter) -> (artifact id: 'cf458030a94e29d93fdd06e14c47dcce') in 0.0183961 seconds
Number of updated asset objects reloaded before import = 0Number of asset objects unloaded after import = 3

========================================================================
Received Import Request.
  Time since last request: 0.000032 seconds.
  path: Assets/Sprites/Grass Tiles/Floors_Tiles_205.asset
  artifactKey: Guid(55ae992ba43442342943d95cb7002e30) Importer(815301076,1909f56bfc062723c751e8b465ee728b)
Start importing Assets/Sprites/Grass Tiles/Floors_Tiles_205.asset using Guid(55ae992ba43442342943d95cb7002e30) Importer(815301076,1909f56bfc062723c751e8b465ee728b) (PreviewImporter) -> (artifact id: 'fbd1b0aa686aea7524ad557d4814de8f') in 0.00854 seconds
Number of updated asset objects reloaded before import = 0Number of asset objects unloaded after import = 3

========================================================================
Received Import Request.
  Time since last request: 0.000031 seconds.
  path: Assets/Sprites/Grass Tiles/Floors_Tiles_161.asset
  artifactKey: Guid(461ac8d81f964ad4abcacaa1c6ad412c) Importer(815301076,1909f56bfc062723c751e8b465ee728b)
Start importing Assets/Sprites/Grass Tiles/Floors_Tiles_161.asset using Guid(461ac8d81f964ad4abcacaa1c6ad412c) Importer(815301076,1909f56bfc062723c751e8b465ee728b) (PreviewImporter) -> (artifact id: '9e4a3ba9f63f925c212fd0fbccc60389') in 0.0139755 seconds
Number of updated asset objects reloaded before import = 0Number of asset objects unloaded after import = 3

========================================================================
Received Import Request.
  Time since last request: 0.000033 seconds.
  path: Assets/Sprites/Grass Tiles/Floors_Tiles_197.asset
  artifactKey: Guid(2e1a43d16b4e1a04c9006a9854c60f6b) Importer(815301076,1909f56bfc062723c751e8b465ee728b)
Start importing Assets/Sprites/Grass Tiles/Floors_Tiles_197.asset using Guid(2e1a43d16b4e1a04c9006a9854c60f6b) Importer(815301076,1909f56bfc062723c751e8b465ee728b) (PreviewImporter) -> (artifact id: '6f9ce4db492c860f05cfd9def2cbde19') in 0.015649 seconds
Number of updated asset objects reloaded before import = 0Number of asset objects unloaded after import = 3

========================================================================
Received Import Request.
  Time since last request: 0.000020 seconds.
  path: Assets/Sprites/Grass Tiles/Floors_Tiles_163.asset
  artifactKey: Guid(681b66e459dfc264abdfe806c71b3118) Importer(815301076,1909f56bfc062723c751e8b465ee728b)
Start importing Assets/Sprites/Grass Tiles/Floors_Tiles_163.asset using Guid(681b66e459dfc264abdfe806c71b3118) Importer(815301076,1909f56bfc062723c751e8b465ee728b) (PreviewImporter) -> (artifact id: '81e4698acfad50988540dbc781afab0c') in 0.0072509 seconds
Number of updated asset objects reloaded before import = 0Number of asset objects unloaded after import = 3

========================================================================
Received Import Request.
  Time since last request: 0.035034 seconds.
  path: Assets/Sprites/Grass Tiles/Floors_Tiles_144.asset
  artifactKey: Guid(26a239b8c8ab172458e8fcb282adde9e) Importer(815301076,1909f56bfc062723c751e8b465ee728b)
Start importing Assets/Sprites/Grass Tiles/Floors_Tiles_144.asset using Guid(26a239b8c8ab172458e8fcb282adde9e) Importer(815301076,1909f56bfc062723c751e8b465ee728b) (PreviewImporter) -> (artifact id: '615e4db8a431727d001100eac72e35a6') in 0.0136594 seconds
Number of updated asset objects reloaded before import = 0Number of asset objects unloaded after import = 3

========================================================================
Received Import Request.
  Time since last request: 0.000021 seconds.
  path: Assets/Sprites/Grass Tiles/Floors_Tiles_151.asset
  artifactKey: Guid(9ee98428f0457e64caa6dd595a81d281) Importer(815301076,1909f56bfc062723c751e8b465ee728b)
Start importing Assets/Sprites/Grass Tiles/Floors_Tiles_151.asset using Guid(9ee98428f0457e64caa6dd595a81d281) Importer(815301076,1909f56bfc062723c751e8b465ee728b) (PreviewImporter) -> (artifact id: '4a12d1fd2ab3fe6350e4ddf61909af33') in 0.0158592 seconds
Number of updated asset objects reloaded before import = 0Number of asset objects unloaded after import = 3

========================================================================
Received Import Request.
  Time since last request: 0.005918 seconds.
  path: Assets/Sprites/Grass Tiles/Floors_Tiles_118.asset
  artifactKey: Guid(ad360d6690bab684b8414f78c40b063c) Importer(815301076,1909f56bfc062723c751e8b465ee728b)
Start importing Assets/Sprites/Grass Tiles/Floors_Tiles_118.asset using Guid(ad360d6690bab684b8414f78c40b063c) Importer(815301076,1909f56bfc062723c751e8b465ee728b) (PreviewImporter) -> (artifact id: 'bcc4dc8c52b494d242b727c8ce9f3b31') in 0.013461 seconds
Number of updated asset objects reloaded before import = 0Number of asset objects unloaded after import = 3

========================================================================
Received Import Request.
  Time since last request: 0.000022 seconds.
  path: Assets/Sprites/Grass Tiles/Floors_Tiles_137.asset
  artifactKey: Guid(2b94419e582fd4248900ec425e86ec8b) Importer(815301076,1909f56bfc062723c751e8b465ee728b)
Start importing Assets/Sprites/Grass Tiles/Floors_Tiles_137.asset using Guid(2b94419e582fd4248900ec425e86ec8b) Importer(815301076,1909f56bfc062723c751e8b465ee728b) (PreviewImporter) -> (artifact id: '2765dd14148adf650cf237eeb79a09dd') in 0.0096402 seconds
Number of updated asset objects reloaded before import = 0Number of asset objects unloaded after import = 3

========================================================================
Received Import Request.
  Time since last request: 0.000032 seconds.
  path: Assets/Sprites/Grass Tiles/Floors_Tiles_124.asset
  artifactKey: Guid(888fd891d5b731949a2e2116d5adf6c0) Importer(815301076,1909f56bfc062723c751e8b465ee728b)
Start importing Assets/Sprites/Grass Tiles/Floors_Tiles_124.asset using Guid(888fd891d5b731949a2e2116d5adf6c0) Importer(815301076,1909f56bfc062723c751e8b465ee728b) (PreviewImporter) -> (artifact id: 'eec6218502d9eec9fe6f141cb75daafc') in 0.0139214 seconds
Number of updated asset objects reloaded before import = 0Number of asset objects unloaded after import = 3

========================================================================
Received Import Request.
  Time since last request: 0.000029 seconds.
  path: Assets/Sprites/Grass Tiles/Floors_Tiles_110.asset
  artifactKey: Guid(9302ea255e6460144999ff40697577a9) Importer(815301076,1909f56bfc062723c751e8b465ee728b)
Start importing Assets/Sprites/Grass Tiles/Floors_Tiles_110.asset using Guid(9302ea255e6460144999ff40697577a9) Importer(815301076,1909f56bfc062723c751e8b465ee728b) (PreviewImporter) -> (artifact id: 'ecf60b6a602286b829571e48c3b915de') in 0.0122036 seconds
Number of updated asset objects reloaded before import = 0Number of asset objects unloaded after import = 3

========================================================================
Received Import Request.
  Time since last request: 0.000023 seconds.
  path: Assets/Sprites/Grass Tiles/Floors_Tiles_104.asset
  artifactKey: Guid(edc623a3d1e2dac40ae11f33dd90c2ff) Importer(815301076,1909f56bfc062723c751e8b465ee728b)
Start importing Assets/Sprites/Grass Tiles/Floors_Tiles_104.asset using Guid(edc623a3d1e2dac40ae11f33dd90c2ff) Importer(815301076,1909f56bfc062723c751e8b465ee728b) (PreviewImporter) -> (artifact id: 'b24bd32050e7316ab6ac6ca39db9f6bd') in 0.0148539 seconds
Number of updated asset objects reloaded before import = 0Number of asset objects unloaded after import = 3

========================================================================
Received Import Request.
  Time since last request: 0.000033 seconds.
  path: Assets/Sprites/Grass Tiles/Floors_Tiles_112.asset
  artifactKey: Guid(c2b8cce5020c5234eac6b4c05ea653e5) Importer(815301076,1909f56bfc062723c751e8b465ee728b)
Start importing Assets/Sprites/Grass Tiles/Floors_Tiles_112.asset using Guid(c2b8cce5020c5234eac6b4c05ea653e5) Importer(815301076,1909f56bfc062723c751e8b465ee728b) (PreviewImporter) -> (artifact id: '6cbdb36aff7745645da7bb1c389b3d87') in 0.0132235 seconds
Number of updated asset objects reloaded before import = 0Number of asset objects unloaded after import = 3

========================================================================
Received Import Request.
  Time since last request: 0.000037 seconds.
  path: Assets/Sprites/Grass Tiles/Floors_Tiles_127.asset
  artifactKey: Guid(c012c4607e8697b4d932df80c39b3625) Importer(815301076,1909f56bfc062723c751e8b465ee728b)
Start importing Assets/Sprites/Grass Tiles/Floors_Tiles_127.asset using Guid(c012c4607e8697b4d932df80c39b3625) Importer(815301076,1909f56bfc062723c751e8b465ee728b) (PreviewImporter) -> (artifact id: 'f61ec1932c42ef3e2f1ff4a8a1485be8') in 0.0155996 seconds
Number of updated asset objects reloaded before import = 0Number of asset objects unloaded after import = 3

========================================================================
Received Import Request.
  Time since last request: 0.073691 seconds.
  path: Assets/Sprites/Grass Tiles/Floors_Tiles_92.asset
  artifactKey: Guid(d2a56278f83ae6547aa2ab8d4d8f1ab2) Importer(815301076,1909f56bfc062723c751e8b465ee728b)
Start importing Assets/Sprites/Grass Tiles/Floors_Tiles_92.asset using Guid(d2a56278f83ae6547aa2ab8d4d8f1ab2) Importer(815301076,1909f56bfc062723c751e8b465ee728b) (PreviewImporter) -> (artifact id: 'e242596c3789e23dc8d00fd2966dfbb4') in 0.0163152 seconds
Number of updated asset objects reloaded before import = 0Number of asset objects unloaded after import = 3

========================================================================
Received Import Request.
  Time since last request: 0.000033 seconds.
  path: Assets/Sprites/Grass Tiles/Floors_Tiles_99.asset
  artifactKey: Guid(53088d26064dfb847a6e72498bb451a0) Importer(815301076,1909f56bfc062723c751e8b465ee728b)
Start importing Assets/Sprites/Grass Tiles/Floors_Tiles_99.asset using Guid(53088d26064dfb847a6e72498bb451a0) Importer(815301076,1909f56bfc062723c751e8b465ee728b) (PreviewImporter) -> (artifact id: '44c30999f3a4bb86c34d3a506426056e') in 0.0297498 seconds
Number of updated asset objects reloaded before import = 0Number of asset objects unloaded after import = 3

========================================================================
Received Import Request.
  Time since last request: 0.000021 seconds.
  path: Assets/Sprites/Grass Tiles/Floors_Tiles_87.asset
  artifactKey: Guid(44bb6f8589c9525448786d977fcc1706) Importer(815301076,1909f56bfc062723c751e8b465ee728b)
Start importing Assets/Sprites/Grass Tiles/Floors_Tiles_87.asset using Guid(44bb6f8589c9525448786d977fcc1706) Importer(815301076,1909f56bfc062723c751e8b465ee728b) (PreviewImporter) -> (artifact id: '64bf53c6b1e972012887ea86d0016e0b') in 0.0142817 seconds
Number of updated asset objects reloaded before import = 0Number of asset objects unloaded after import = 3

========================================================================
Received Import Request.
  Time since last request: 0.000034 seconds.
  path: Assets/Sprites/Grass Tiles/Floors_Tiles_80.asset
  artifactKey: Guid(3f588d1f6593b154f967158d2442c1f9) Importer(815301076,1909f56bfc062723c751e8b465ee728b)
Start importing Assets/Sprites/Grass Tiles/Floors_Tiles_80.asset using Guid(3f588d1f6593b154f967158d2442c1f9) Importer(815301076,1909f56bfc062723c751e8b465ee728b) (PreviewImporter) -> (artifact id: 'cff8d011ef9e0d8c3f8a591a7c1b25e1') in 0.0157306 seconds
Number of updated asset objects reloaded before import = 0Number of asset objects unloaded after import = 3

========================================================================
Received Import Request.
  Time since last request: 0.000023 seconds.
  path: Assets/Sprites/Grass Tiles/Floors_Tiles_71.asset
  artifactKey: Guid(532b7b7102a8404499f1a47e46973926) Importer(815301076,1909f56bfc062723c751e8b465ee728b)
Start importing Assets/Sprites/Grass Tiles/Floors_Tiles_71.asset using Guid(532b7b7102a8404499f1a47e46973926) Importer(815301076,1909f56bfc062723c751e8b465ee728b) (PreviewImporter) -> (artifact id: '00025eaeecb5e93e6649aa831dc4ffe7') in 0.0076055 seconds
Number of updated asset objects reloaded before import = 0Number of asset objects unloaded after import = 3

========================================================================
Received Import Request.
  Time since last request: 0.000022 seconds.
  path: Assets/Sprites/Grass Tiles/Floors_Tiles_61.asset
  artifactKey: Guid(6507546f7d322184593f68d339a99111) Importer(815301076,1909f56bfc062723c751e8b465ee728b)
Start importing Assets/Sprites/Grass Tiles/Floors_Tiles_61.asset using Guid(6507546f7d322184593f68d339a99111) Importer(815301076,1909f56bfc062723c751e8b465ee728b) (PreviewImporter) -> (artifact id: '78d779de824e457b43ea0dfde56fbbac') in 0.0142743 seconds
Number of updated asset objects reloaded before import = 0Number of asset objects unloaded after import = 3

========================================================================
Received Import Request.
  Time since last request: 0.000025 seconds.
  path: Assets/Sprites/Grass Tiles/Floors_Tiles_101.asset
  artifactKey: Guid(297227bbcc081064482dbae62afc033e) Importer(815301076,1909f56bfc062723c751e8b465ee728b)
Start importing Assets/Sprites/Grass Tiles/Floors_Tiles_101.asset using Guid(297227bbcc081064482dbae62afc033e) Importer(815301076,1909f56bfc062723c751e8b465ee728b) (PreviewImporter) -> (artifact id: '41c5c22573d44fe411ff207ebc386b14') in 0.0145193 seconds
Number of updated asset objects reloaded before import = 0Number of asset objects unloaded after import = 3

========================================================================
Received Import Request.
  Time since last request: 0.000035 seconds.
  path: Assets/Sprites/Grass Tiles/Floors_Tiles_60.asset
  artifactKey: Guid(c838f7da70c6cad48b79505be7e5b219) Importer(815301076,1909f56bfc062723c751e8b465ee728b)
Start importing Assets/Sprites/Grass Tiles/Floors_Tiles_60.asset using Guid(c838f7da70c6cad48b79505be7e5b219) Importer(815301076,1909f56bfc062723c751e8b465ee728b) (PreviewImporter) -> (artifact id: 'effd0c1db057e7640b4337c19f45fa63') in 0.0130102 seconds
Number of updated asset objects reloaded before import = 0Number of asset objects unloaded after import = 3

========================================================================
Received Import Request.
  Time since last request: 0.000023 seconds.
  path: Assets/Sprites/Grass Tiles/Floors_Tiles_102.asset
  artifactKey: Guid(4e179cbe1ec53f14da9aead666b42c11) Importer(815301076,1909f56bfc062723c751e8b465ee728b)
Start importing Assets/Sprites/Grass Tiles/Floors_Tiles_102.asset using Guid(4e179cbe1ec53f14da9aead666b42c11) Importer(815301076,1909f56bfc062723c751e8b465ee728b) (PreviewImporter) -> (artifact id: 'c1d1b77fd6a26fb10312d1b3fcc00cdb') in 0.0148159 seconds
Number of updated asset objects reloaded before import = 0Number of asset objects unloaded after import = 3

========================================================================
Received Import Request.
  Time since last request: 0.000030 seconds.
  path: Assets/Sprites/Grass Tiles/Floors_Tiles_70.asset
  artifactKey: Guid(6935d30de673d8442820900151aca7f0) Importer(815301076,1909f56bfc062723c751e8b465ee728b)
Start importing Assets/Sprites/Grass Tiles/Floors_Tiles_70.asset using Guid(6935d30de673d8442820900151aca7f0) Importer(815301076,1909f56bfc062723c751e8b465ee728b) (PreviewImporter) -> (artifact id: '41c4fc9b66ed7fb44132f3b0e8f5be4b') in 0.0131413 seconds
Number of updated asset objects reloaded before import = 0Number of asset objects unloaded after import = 3

========================================================================
Received Import Request.
  Time since last request: 0.050019 seconds.
  path: Assets/Sprites/Grass Tiles/Floors_Tiles_40.asset
  artifactKey: Guid(9ced84359ded2ea45b8c9b2216ad4414) Importer(815301076,1909f56bfc062723c751e8b465ee728b)
Start importing Assets/Sprites/Grass Tiles/Floors_Tiles_40.asset using Guid(9ced84359ded2ea45b8c9b2216ad4414) Importer(815301076,1909f56bfc062723c751e8b465ee728b) (PreviewImporter) -> (artifact id: '0ffa91d1a5f8d52d443c8e9619e21d1d') in 0.0172078 seconds
Number of updated asset objects reloaded before import = 0Number of asset objects unloaded after import = 3

========================================================================
Received Import Request.
  Time since last request: 0.000035 seconds.
  path: Assets/Sprites/Grass Tiles/Floors_Tiles_47.asset
  artifactKey: Guid(e303d5a2f32ea4746af4e3e2c5a50fff) Importer(815301076,1909f56bfc062723c751e8b465ee728b)
Start importing Assets/Sprites/Grass Tiles/Floors_Tiles_47.asset using Guid(e303d5a2f32ea4746af4e3e2c5a50fff) Importer(815301076,1909f56bfc062723c751e8b465ee728b) (PreviewImporter) -> (artifact id: '11b33d86c5a6ed480634c0d69b3784c4') in 0.0088515 seconds
Number of updated asset objects reloaded before import = 0Number of asset objects unloaded after import = 3

========================================================================
Received Import Request.
  Time since last request: 0.009684 seconds.
  path: Assets/Sprites/Grass Tiles/Floors_Tiles_27.asset
  artifactKey: Guid(998dcca70e5732246ae0bafcbdd3abac) Importer(815301076,1909f56bfc062723c751e8b465ee728b)
Start importing Assets/Sprites/Grass Tiles/Floors_Tiles_27.asset using Guid(998dcca70e5732246ae0bafcbdd3abac) Importer(815301076,1909f56bfc062723c751e8b465ee728b) (PreviewImporter) -> (artifact id: 'f55a4ca0f05aa316eedbe142840f5c80') in 0.0093442 seconds
Number of updated asset objects reloaded before import = 0Number of asset objects unloaded after import = 3

========================================================================
Received Import Request.
  Time since last request: 0.000030 seconds.
  path: Assets/Sprites/Grass Tiles/Floors_Tiles_32.asset
  artifactKey: Guid(8c4f1f84268481049a33b0e9b22ceb56) Importer(815301076,1909f56bfc062723c751e8b465ee728b)
Start importing Assets/Sprites/Grass Tiles/Floors_Tiles_32.asset using Guid(8c4f1f84268481049a33b0e9b22ceb56) Importer(815301076,1909f56bfc062723c751e8b465ee728b) (PreviewImporter) -> (artifact id: 'f25851a2050ab18a8f40562bcc5ec8dc') in 0.0172983 seconds
Number of updated asset objects reloaded before import = 0Number of asset objects unloaded after import = 3

========================================================================
Received Import Request.
  Time since last request: 0.000021 seconds.
  path: Assets/Sprites/Grass Tiles/Floors_Tiles_18.asset
  artifactKey: Guid(5ffd9416345df114c82778a92d7f0449) Importer(815301076,1909f56bfc062723c751e8b465ee728b)
Start importing Assets/Sprites/Grass Tiles/Floors_Tiles_18.asset using Guid(5ffd9416345df114c82778a92d7f0449) Importer(815301076,1909f56bfc062723c751e8b465ee728b) (PreviewImporter) -> (artifact id: 'a266ec6938e80104a5f10d921e0849d4') in 0.0127922 seconds
Number of updated asset objects reloaded before import = 0Number of asset objects unloaded after import = 3

========================================================================
Received Import Request.
  Time since last request: 0.000034 seconds.
  path: Assets/Sprites/Grass Tiles/Floors_Tiles_23.asset
  artifactKey: Guid(b0aad1a2352159d418c904a8679c2827) Importer(815301076,1909f56bfc062723c751e8b465ee728b)
Start importing Assets/Sprites/Grass Tiles/Floors_Tiles_23.asset using Guid(b0aad1a2352159d418c904a8679c2827) Importer(815301076,1909f56bfc062723c751e8b465ee728b) (PreviewImporter) -> (artifact id: '0d8bb8cd806426c878099086406a246e') in 0.0159803 seconds
Number of updated asset objects reloaded before import = 0Number of asset objects unloaded after import = 3

========================================================================
Received Import Request.
  Time since last request: 0.128056 seconds.
  path: Assets/Sprites/Grass Tiles/Floors_Tiles_1.asset
  artifactKey: Guid(adc2a8704eaba614aa3184c3513ba622) Importer(815301076,1909f56bfc062723c751e8b465ee728b)
Start importing Assets/Sprites/Grass Tiles/Floors_Tiles_1.asset using Guid(adc2a8704eaba614aa3184c3513ba622) Importer(815301076,1909f56bfc062723c751e8b465ee728b) (PreviewImporter) -> (artifact id: '5954f2d47b6854e2be8143db2364d4db') in 0.0217927 seconds
Number of updated asset objects reloaded before import = 0Number of asset objects unloaded after import = 3

========================================================================
Received Import Request.
  Time since last request: 0.000030 seconds.
  path: Assets/Sprites/Grass Tiles/Floors_Tiles_10.asset
  artifactKey: Guid(ff6a321dbc5a02b4d824c38bbd2b23d4) Importer(815301076,1909f56bfc062723c751e8b465ee728b)
Start importing Assets/Sprites/Grass Tiles/Floors_Tiles_10.asset using Guid(ff6a321dbc5a02b4d824c38bbd2b23d4) Importer(815301076,1909f56bfc062723c751e8b465ee728b) (PreviewImporter) -> (artifact id: '36dc59677a6afe51709e4159ad55048e') in 0.0085677 seconds
Number of updated asset objects reloaded before import = 0Number of asset objects unloaded after import = 3

Editor requested this worker to shutdown with reason: Scaling down because of idle timeout
AssetImportWorker is now disconnected from the server
Process exiting
Exiting without the bug reporter. Application will terminate with return code 0